   0  $accept : %entry% $end

   1  program : instr program
   2          | decl program
   3          | EOF
   4          | T_OPEN_BRA T_CLOSE_BRA program

   5  compound : T_OPEN_BRA instr_list T_CLOSE_BRA

   6  instr : T_SEMICOLON
   7        | compound
   8        | T_VAR binding_list T_SEMICOLON
   9        | T_WHILE T_OPEN_PAR expr T_CLOSE_PAR instr
  10        | T_RETURN expr T_SEMICOLON
  11        | T_RETURN T_SEMICOLON
  12        | expr_aux T_SEMICOLON
  13        | T_IF T_OPEN_PAR expr T_CLOSE_PAR instr T_ELSE instr
  14        | T_IF T_OPEN_PAR expr T_CLOSE_PAR instr

  15  decl : T_FUNCTION T_IDENTIFIER T_OPEN_PAR binding_list_empty T_CLOSE_PAR type_opt T_OPEN_BRA instr_list_empty T_CLOSE_BRA
  16       | T_TYPE T_IDENTIFIER T_ASSIGN type_
  17       | T_LET binding_list T_SEMICOLON
  18       | T_CONST binding_list T_SEMICOLON

  19  tab_expr_list : expr T_COMMA tab_expr_list
  20                |
  21                | expr

  22  object_expr_member : T_IDENTIFIER T_COLON expr

  23  object_expr_member_list : object_expr_member T_COMMA object_expr_member_list
  24                          | object_expr_member T_COMMA
  25                          | object_expr_member

  26  object_expr : T_OPEN_BRA object_expr_member_list T_CLOSE_BRA

  27  expr : T_OPEN_BRA T_CLOSE_BRA
  28       | expr_aux

  29  expr_aux : T_INT_LIT
  30           | T_FLOAT_LIT
  31           | T_STR_LIT
  32           | T_BOOL_LIT
  33           | object_expr
  34           | unop
  35           | binop
  36           | left_member
  37           | T_OPEN_SQR tab_expr_list T_CLOSE_SQR
  38           | left_member T_ASSIGN expr
  39           | expr T_OPEN_PAR tab_expr_list T_CLOSE_PAR

  40  left_member : T_IDENTIFIER
  41              | expr T_OPEN_SQR expr T_CLOSE_SQR
  42              | expr T_DOT T_IDENTIFIER
  43              | T_OPEN_PAR expr T_CLOSE_PAR

  44  instr_list : instr instr_list
  45             | decl instr_list
  46             | instr
  47             | decl

  48  instr_list_empty : instr_list
  49                   |

  50  binding : T_IDENTIFIER type_opt T_ASSIGN expr
  51          | T_IDENTIFIER type_opt

  52  binding_list : binding
  53               | binding T_COMMA binding_list

  54  binding_list_empty : binding_list
  55                     |

  56  union_type : union_type T_BAR basic_type
  57             | basic_type T_BAR basic_type

  58  type_ : basic_type
  59        | union_type
  60        | type_ T_OPEN_SQR T_CLOSE_SQR

  61  basic_type : T_IDENTIFIER
  62             | T_NUMBER
  63             | T_BOOLEAN
  64             | T_STRING
  65             | T_ANY
  66             | T_OPEN_BRA object_member_list T_CLOSE_BRA
  67             | T_OPEN_PAR type_ T_CLOSE_PAR
  68             | T_INT_LIT
  69             | T_FLOAT_LIT
  70             | T_BOOL_LIT
  71             | T_STR_LIT

  72  type_opt : T_COLON type_
  73           |

  74  object_member : T_IDENTIFIER T_COLON type_
  75                | T_IDENTIFIER

  76  object_member_list : object_member T_COMMA object_member_list
  77                     | object_member T_SEMICOLON object_member_list
  78                     | object_member T_COMMA
  79                     | object_member T_SEMICOLON
  80                     | object_member

  81  unop : T_NOT expr
  82       | T_PLUS expr
  83       | T_MINUS expr
  84       | T_TYPEOF expr

  85  binop : expr T_PLUS expr
  86        | expr T_MINUS expr
  87        | expr T_MUL expr
  88        | expr T_DIV expr
  89        | expr T_LT expr
  90        | expr T_LEQ expr
  91        | expr T_GT expr
  92        | expr T_GEQ expr
  93        | expr T_EQ expr
  94        | expr T_DIFF expr
  95        | expr T_EQQ expr
  96        | expr T_NEQQ expr
  97        | expr T_AND expr
  98        | expr T_OR expr
  99        | expr T_NOT expr
 100        | expr T_POW expr

 101  %entry% : '\001' program

state 0
	$accept : . %entry% $end  (0)

	'\001'  shift 1
	.  error

	%entry%  goto 2


state 1
	%entry% : '\001' . program  (101)

	T_INT_LIT  shift 3
	T_FLOAT_LIT  shift 4
	T_STR_LIT  shift 5
	T_IDENTIFIER  shift 6
	T_BOOL_LIT  shift 7
	T_TYPE  shift 8
	T_IF  shift 9
	T_WHILE  shift 10
	T_RETURN  shift 11
	T_LET  shift 12
	T_VAR  shift 13
	T_FUNCTION  shift 14
	T_TYPEOF  shift 15
	T_CONST  shift 16
	T_OPEN_PAR  shift 17
	T_OPEN_BRA  shift 18
	T_OPEN_SQR  shift 19
	T_SEMICOLON  shift 20
	T_PLUS  shift 21
	T_MINUS  shift 22
	T_NOT  shift 23
	EOF  shift 24
	.  error

	program  goto 25
	instr  goto 26
	compound  goto 27
	decl  goto 28
	expr  goto 29
	left_member  goto 30
	object_expr  goto 31
	expr_aux  goto 32
	unop  goto 33
	binop  goto 34


state 2
	$accept : %entry% . $end  (0)

	$end  accept


state 3
	expr_aux : T_INT_LIT .  (29)

	.  reduce 29


state 4
	expr_aux : T_FLOAT_LIT .  (30)

	.  reduce 30


state 5
	expr_aux : T_STR_LIT .  (31)

	.  reduce 31


state 6
	left_member : T_IDENTIFIER .  (40)

	.  reduce 40


state 7
	expr_aux : T_BOOL_LIT .  (32)

	.  reduce 32


state 8
	decl : T_TYPE . T_IDENTIFIER T_ASSIGN type_  (16)

	T_IDENTIFIER  shift 35
	.  error


state 9
	instr : T_IF . T_OPEN_PAR expr T_CLOSE_PAR instr T_ELSE instr  (13)
	instr : T_IF . T_OPEN_PAR expr T_CLOSE_PAR instr  (14)

	T_OPEN_PAR  shift 36
	.  error


state 10
	instr : T_WHILE . T_OPEN_PAR expr T_CLOSE_PAR instr  (9)

	T_OPEN_PAR  shift 37
	.  error


state 11
	instr : T_RETURN . expr T_SEMICOLON  (10)
	instr : T_RETURN . T_SEMICOLON  (11)

	T_INT_LIT  shift 3
	T_FLOAT_LIT  shift 4
	T_STR_LIT  shift 5
	T_IDENTIFIER  shift 6
	T_BOOL_LIT  shift 7
	T_TYPEOF  shift 15
	T_OPEN_PAR  shift 17
	T_OPEN_BRA  shift 38
	T_OPEN_SQR  shift 19
	T_SEMICOLON  shift 39
	T_PLUS  shift 21
	T_MINUS  shift 22
	T_NOT  shift 23
	.  error

	expr  goto 40
	left_member  goto 30
	object_expr  goto 31
	expr_aux  goto 41
	unop  goto 33
	binop  goto 34


state 12
	decl : T_LET . binding_list T_SEMICOLON  (17)

	T_IDENTIFIER  shift 42
	.  error

	binding  goto 43
	binding_list  goto 44


state 13
	instr : T_VAR . binding_list T_SEMICOLON  (8)

	T_IDENTIFIER  shift 42
	.  error

	binding  goto 43
	binding_list  goto 45


state 14
	decl : T_FUNCTION . T_IDENTIFIER T_OPEN_PAR binding_list_empty T_CLOSE_PAR type_opt T_OPEN_BRA instr_list_empty T_CLOSE_BRA  (15)

	T_IDENTIFIER  shift 46
	.  error


state 15
	unop : T_TYPEOF . expr  (84)

	T_INT_LIT  shift 3
	T_FLOAT_LIT  shift 4
	T_STR_LIT  shift 5
	T_IDENTIFIER  shift 6
	T_BOOL_LIT  shift 7
	T_TYPEOF  shift 15
	T_OPEN_PAR  shift 17
	T_OPEN_BRA  shift 38
	T_OPEN_SQR  shift 19
	T_PLUS  shift 21
	T_MINUS  shift 22
	T_NOT  shift 23
	.  error

	expr  goto 47
	left_member  goto 30
	object_expr  goto 31
	expr_aux  goto 41
	unop  goto 33
	binop  goto 34


state 16
	decl : T_CONST . binding_list T_SEMICOLON  (18)

	T_IDENTIFIER  shift 42
	.  error

	binding  goto 43
	binding_list  goto 48


state 17
	left_member : T_OPEN_PAR . expr T_CLOSE_PAR  (43)

	T_INT_LIT  shift 3
	T_FLOAT_LIT  shift 4
	T_STR_LIT  shift 5
	T_IDENTIFIER  shift 6
	T_BOOL_LIT  shift 7
	T_TYPEOF  shift 15
	T_OPEN_PAR  shift 17
	T_OPEN_BRA  shift 38
	T_OPEN_SQR  shift 19
	T_PLUS  shift 21
	T_MINUS  shift 22
	T_NOT  shift 23
	.  error

	expr  goto 49
	left_member  goto 30
	object_expr  goto 31
	expr_aux  goto 41
	unop  goto 33
	binop  goto 34


state 18
	program : T_OPEN_BRA . T_CLOSE_BRA program  (4)
	compound : T_OPEN_BRA . instr_list T_CLOSE_BRA  (5)
	object_expr : T_OPEN_BRA . object_expr_member_list T_CLOSE_BRA  (26)
	expr : T_OPEN_BRA . T_CLOSE_BRA  (27)

	T_INT_LIT  shift 3
	T_FLOAT_LIT  shift 4
	T_STR_LIT  shift 5
	T_IDENTIFIER  shift 50
	T_BOOL_LIT  shift 7
	T_TYPE  shift 8
	T_IF  shift 9
	T_WHILE  shift 10
	T_RETURN  shift 11
	T_LET  shift 12
	T_VAR  shift 13
	T_FUNCTION  shift 14
	T_TYPEOF  shift 15
	T_CONST  shift 16
	T_OPEN_PAR  shift 17
	T_OPEN_BRA  shift 51
	T_CLOSE_BRA  shift 52
	T_OPEN_SQR  shift 19
	T_SEMICOLON  shift 20
	T_PLUS  shift 21
	T_MINUS  shift 22
	T_NOT  shift 23
	.  error

	instr  goto 53
	compound  goto 27
	decl  goto 54
	expr  goto 29
	left_member  goto 30
	object_expr  goto 31
	object_expr_member  goto 55
	object_expr_member_list  goto 56
	instr_list  goto 57
	expr_aux  goto 32
	unop  goto 33
	binop  goto 34


state 19
	expr_aux : T_OPEN_SQR . tab_expr_list T_CLOSE_SQR  (37)
	tab_expr_list : .  (20)

	T_INT_LIT  shift 3
	T_FLOAT_LIT  shift 4
	T_STR_LIT  shift 5
	T_IDENTIFIER  shift 6
	T_BOOL_LIT  shift 7
	T_TYPEOF  shift 15
	T_OPEN_PAR  shift 17
	T_OPEN_BRA  shift 38
	T_OPEN_SQR  shift 19
	T_PLUS  shift 21
	T_MINUS  shift 22
	T_NOT  shift 23
	T_CLOSE_SQR  reduce 20

	expr  goto 58
	left_member  goto 30
	object_expr  goto 31
	tab_expr_list  goto 59
	expr_aux  goto 41
	unop  goto 33
	binop  goto 34


state 20
	instr : T_SEMICOLON .  (6)

	.  reduce 6


state 21
	unop : T_PLUS . expr  (82)

	T_INT_LIT  shift 3
	T_FLOAT_LIT  shift 4
	T_STR_LIT  shift 5
	T_IDENTIFIER  shift 6
	T_BOOL_LIT  shift 7
	T_TYPEOF  shift 15
	T_OPEN_PAR  shift 17
	T_OPEN_BRA  shift 38
	T_OPEN_SQR  shift 19
	T_PLUS  shift 21
	T_MINUS  shift 22
	T_NOT  shift 23
	.  error

	expr  goto 60
	left_member  goto 30
	object_expr  goto 31
	expr_aux  goto 41
	unop  goto 33
	binop  goto 34


state 22
	unop : T_MINUS . expr  (83)

	T_INT_LIT  shift 3
	T_FLOAT_LIT  shift 4
	T_STR_LIT  shift 5
	T_IDENTIFIER  shift 6
	T_BOOL_LIT  shift 7
	T_TYPEOF  shift 15
	T_OPEN_PAR  shift 17
	T_OPEN_BRA  shift 38
	T_OPEN_SQR  shift 19
	T_PLUS  shift 21
	T_MINUS  shift 22
	T_NOT  shift 23
	.  error

	expr  goto 61
	left_member  goto 30
	object_expr  goto 31
	expr_aux  goto 41
	unop  goto 33
	binop  goto 34


state 23
	unop : T_NOT . expr  (81)

	T_INT_LIT  shift 3
	T_FLOAT_LIT  shift 4
	T_STR_LIT  shift 5
	T_IDENTIFIER  shift 6
	T_BOOL_LIT  shift 7
	T_TYPEOF  shift 15
	T_OPEN_PAR  shift 17
	T_OPEN_BRA  shift 38
	T_OPEN_SQR  shift 19
	T_PLUS  shift 21
	T_MINUS  shift 22
	T_NOT  shift 23
	.  error

	expr  goto 62
	left_member  goto 30
	object_expr  goto 31
	expr_aux  goto 41
	unop  goto 33
	binop  goto 34


state 24
	program : EOF .  (3)

	.  reduce 3


state 25
	%entry% : '\001' program .  (101)

	.  reduce 101


state 26
	program : instr . program  (1)

	T_INT_LIT  shift 3
	T_FLOAT_LIT  shift 4
	T_STR_LIT  shift 5
	T_IDENTIFIER  shift 6
	T_BOOL_LIT  shift 7
	T_TYPE  shift 8
	T_IF  shift 9
	T_WHILE  shift 10
	T_RETURN  shift 11
	T_LET  shift 12
	T_VAR  shift 13
	T_FUNCTION  shift 14
	T_TYPEOF  shift 15
	T_CONST  shift 16
	T_OPEN_PAR  shift 17
	T_OPEN_BRA  shift 18
	T_OPEN_SQR  shift 19
	T_SEMICOLON  shift 20
	T_PLUS  shift 21
	T_MINUS  shift 22
	T_NOT  shift 23
	EOF  shift 24
	.  error

	program  goto 63
	instr  goto 26
	compound  goto 27
	decl  goto 28
	expr  goto 29
	left_member  goto 30
	object_expr  goto 31
	expr_aux  goto 32
	unop  goto 33
	binop  goto 34


state 27
	instr : compound .  (7)

	.  reduce 7


state 28
	program : decl . program  (2)

	T_INT_LIT  shift 3
	T_FLOAT_LIT  shift 4
	T_STR_LIT  shift 5
	T_IDENTIFIER  shift 6
	T_BOOL_LIT  shift 7
	T_TYPE  shift 8
	T_IF  shift 9
	T_WHILE  shift 10
	T_RETURN  shift 11
	T_LET  shift 12
	T_VAR  shift 13
	T_FUNCTION  shift 14
	T_TYPEOF  shift 15
	T_CONST  shift 16
	T_OPEN_PAR  shift 17
	T_OPEN_BRA  shift 18
	T_OPEN_SQR  shift 19
	T_SEMICOLON  shift 20
	T_PLUS  shift 21
	T_MINUS  shift 22
	T_NOT  shift 23
	EOF  shift 24
	.  error

	program  goto 64
	instr  goto 26
	compound  goto 27
	decl  goto 28
	expr  goto 29
	left_member  goto 30
	object_expr  goto 31
	expr_aux  goto 32
	unop  goto 33
	binop  goto 34


state 29
	expr_aux : expr . T_OPEN_PAR tab_expr_list T_CLOSE_PAR  (39)
	left_member : expr . T_OPEN_SQR expr T_CLOSE_SQR  (41)
	left_member : expr . T_DOT T_IDENTIFIER  (42)
	binop : expr . T_PLUS expr  (85)
	binop : expr . T_MINUS expr  (86)
	binop : expr . T_MUL expr  (87)
	binop : expr . T_DIV expr  (88)
	binop : expr . T_LT expr  (89)
	binop : expr . T_LEQ expr  (90)
	binop : expr . T_GT expr  (91)
	binop : expr . T_GEQ expr  (92)
	binop : expr . T_EQ expr  (93)
	binop : expr . T_DIFF expr  (94)
	binop : expr . T_EQQ expr  (95)
	binop : expr . T_NEQQ expr  (96)
	binop : expr . T_AND expr  (97)
	binop : expr . T_OR expr  (98)
	binop : expr . T_NOT expr  (99)
	binop : expr . T_POW expr  (100)

	T_OPEN_PAR  shift 65
	T_OPEN_SQR  shift 66
	T_DOT  shift 67
	T_PLUS  shift 68
	T_MINUS  shift 69
	T_MUL  shift 70
	T_DIV  shift 71
	T_POW  shift 72
	T_AND  shift 73
	T_OR  shift 74
	T_NOT  shift 75
	T_LT  shift 76
	T_LEQ  shift 77
	T_GT  shift 78
	T_GEQ  shift 79
	T_EQ  shift 80
	T_DIFF  shift 81
	T_EQQ  shift 82
	T_NEQQ  shift 83
	.  error


state 30
	expr_aux : left_member .  (36)
	expr_aux : left_member . T_ASSIGN expr  (38)

	T_ASSIGN  shift 84
	T_OPEN_PAR  reduce 36
	T_CLOSE_PAR  reduce 36
	T_CLOSE_BRA  reduce 36
	T_OPEN_SQR  reduce 36
	T_CLOSE_SQR  reduce 36
	T_COMMA  reduce 36
	T_DOT  reduce 36
	T_SEMICOLON  reduce 36
	T_PLUS  reduce 36
	T_MINUS  reduce 36
	T_MUL  reduce 36
	T_DIV  reduce 36
	T_POW  reduce 36
	T_AND  reduce 36
	T_OR  reduce 36
	T_NOT  reduce 36
	T_LT  reduce 36
	T_LEQ  reduce 36
	T_GT  reduce 36
	T_GEQ  reduce 36
	T_EQ  reduce 36
	T_DIFF  reduce 36
	T_EQQ  reduce 36
	T_NEQQ  reduce 36


state 31
	expr_aux : object_expr .  (33)

	.  reduce 33


state 32
	instr : expr_aux . T_SEMICOLON  (12)
	expr : expr_aux .  (28)

	T_SEMICOLON  shift 85
	T_OPEN_PAR  reduce 28
	T_OPEN_SQR  reduce 28
	T_DOT  reduce 28
	T_PLUS  reduce 28
	T_MINUS  reduce 28
	T_MUL  reduce 28
	T_DIV  reduce 28
	T_POW  reduce 28
	T_AND  reduce 28
	T_OR  reduce 28
	T_NOT  reduce 28
	T_LT  reduce 28
	T_LEQ  reduce 28
	T_GT  reduce 28
	T_GEQ  reduce 28
	T_EQ  reduce 28
	T_DIFF  reduce 28
	T_EQQ  reduce 28
	T_NEQQ  reduce 28


state 33
	expr_aux : unop .  (34)

	.  reduce 34


state 34
	expr_aux : binop .  (35)

	.  reduce 35


state 35
	decl : T_TYPE T_IDENTIFIER . T_ASSIGN type_  (16)

	T_ASSIGN  shift 86
	.  error


state 36
	instr : T_IF T_OPEN_PAR . expr T_CLOSE_PAR instr T_ELSE instr  (13)
	instr : T_IF T_OPEN_PAR . expr T_CLOSE_PAR instr  (14)

	T_INT_LIT  shift 3
	T_FLOAT_LIT  shift 4
	T_STR_LIT  shift 5
	T_IDENTIFIER  shift 6
	T_BOOL_LIT  shift 7
	T_TYPEOF  shift 15
	T_OPEN_PAR  shift 17
	T_OPEN_BRA  shift 38
	T_OPEN_SQR  shift 19
	T_PLUS  shift 21
	T_MINUS  shift 22
	T_NOT  shift 23
	.  error

	expr  goto 87
	left_member  goto 30
	object_expr  goto 31
	expr_aux  goto 41
	unop  goto 33
	binop  goto 34


state 37
	instr : T_WHILE T_OPEN_PAR . expr T_CLOSE_PAR instr  (9)

	T_INT_LIT  shift 3
	T_FLOAT_LIT  shift 4
	T_STR_LIT  shift 5
	T_IDENTIFIER  shift 6
	T_BOOL_LIT  shift 7
	T_TYPEOF  shift 15
	T_OPEN_PAR  shift 17
	T_OPEN_BRA  shift 38
	T_OPEN_SQR  shift 19
	T_PLUS  shift 21
	T_MINUS  shift 22
	T_NOT  shift 23
	.  error

	expr  goto 88
	left_member  goto 30
	object_expr  goto 31
	expr_aux  goto 41
	unop  goto 33
	binop  goto 34


state 38
	object_expr : T_OPEN_BRA . object_expr_member_list T_CLOSE_BRA  (26)
	expr : T_OPEN_BRA . T_CLOSE_BRA  (27)

	T_IDENTIFIER  shift 89
	T_CLOSE_BRA  shift 90
	.  error

	object_expr_member  goto 55
	object_expr_member_list  goto 56


state 39
	instr : T_RETURN T_SEMICOLON .  (11)

	.  reduce 11


state 40
	instr : T_RETURN expr . T_SEMICOLON  (10)
	expr_aux : expr . T_OPEN_PAR tab_expr_list T_CLOSE_PAR  (39)
	left_member : expr . T_OPEN_SQR expr T_CLOSE_SQR  (41)
	left_member : expr . T_DOT T_IDENTIFIER  (42)
	binop : expr . T_PLUS expr  (85)
	binop : expr . T_MINUS expr  (86)
	binop : expr . T_MUL expr  (87)
	binop : expr . T_DIV expr  (88)
	binop : expr . T_LT expr  (89)
	binop : expr . T_LEQ expr  (90)
	binop : expr . T_GT expr  (91)
	binop : expr . T_GEQ expr  (92)
	binop : expr . T_EQ expr  (93)
	binop : expr . T_DIFF expr  (94)
	binop : expr . T_EQQ expr  (95)
	binop : expr . T_NEQQ expr  (96)
	binop : expr . T_AND expr  (97)
	binop : expr . T_OR expr  (98)
	binop : expr . T_NOT expr  (99)
	binop : expr . T_POW expr  (100)

	T_OPEN_PAR  shift 65
	T_OPEN_SQR  shift 66
	T_DOT  shift 67
	T_SEMICOLON  shift 91
	T_PLUS  shift 68
	T_MINUS  shift 69
	T_MUL  shift 70
	T_DIV  shift 71
	T_POW  shift 72
	T_AND  shift 73
	T_OR  shift 74
	T_NOT  shift 75
	T_LT  shift 76
	T_LEQ  shift 77
	T_GT  shift 78
	T_GEQ  shift 79
	T_EQ  shift 80
	T_DIFF  shift 81
	T_EQQ  shift 82
	T_NEQQ  shift 83
	.  error


state 41
	expr : expr_aux .  (28)

	.  reduce 28


state 42
	binding : T_IDENTIFIER . type_opt T_ASSIGN expr  (50)
	binding : T_IDENTIFIER . type_opt  (51)
	type_opt : .  (73)

	T_COLON  shift 92
	T_CLOSE_PAR  reduce 73
	T_COMMA  reduce 73
	T_SEMICOLON  reduce 73
	T_ASSIGN  reduce 73

	type_opt  goto 93


state 43
	binding_list : binding .  (52)
	binding_list : binding . T_COMMA binding_list  (53)

	T_COMMA  shift 94
	T_CLOSE_PAR  reduce 52
	T_SEMICOLON  reduce 52


state 44
	decl : T_LET binding_list . T_SEMICOLON  (17)

	T_SEMICOLON  shift 95
	.  error


state 45
	instr : T_VAR binding_list . T_SEMICOLON  (8)

	T_SEMICOLON  shift 96
	.  error


state 46
	decl : T_FUNCTION T_IDENTIFIER . T_OPEN_PAR binding_list_empty T_CLOSE_PAR type_opt T_OPEN_BRA instr_list_empty T_CLOSE_BRA  (15)

	T_OPEN_PAR  shift 97
	.  error


state 47
	expr_aux : expr . T_OPEN_PAR tab_expr_list T_CLOSE_PAR  (39)
	left_member : expr . T_OPEN_SQR expr T_CLOSE_SQR  (41)
	left_member : expr . T_DOT T_IDENTIFIER  (42)
	unop : T_TYPEOF expr .  (84)
	binop : expr . T_PLUS expr  (85)
	binop : expr . T_MINUS expr  (86)
	binop : expr . T_MUL expr  (87)
	binop : expr . T_DIV expr  (88)
	binop : expr . T_LT expr  (89)
	binop : expr . T_LEQ expr  (90)
	binop : expr . T_GT expr  (91)
	binop : expr . T_GEQ expr  (92)
	binop : expr . T_EQ expr  (93)
	binop : expr . T_DIFF expr  (94)
	binop : expr . T_EQQ expr  (95)
	binop : expr . T_NEQQ expr  (96)
	binop : expr . T_AND expr  (97)
	binop : expr . T_OR expr  (98)
	binop : expr . T_NOT expr  (99)
	binop : expr . T_POW expr  (100)

	T_DOT  shift 67
	T_PLUS  shift 68
	T_MINUS  shift 69
	T_MUL  shift 70
	T_DIV  shift 71
	T_POW  shift 72
	T_AND  shift 73
	T_OR  shift 74
	T_NOT  shift 75
	T_LT  shift 76
	T_LEQ  shift 77
	T_GT  shift 78
	T_GEQ  shift 79
	T_EQ  shift 80
	T_DIFF  shift 81
	T_EQQ  shift 82
	T_NEQQ  shift 83
	T_OPEN_PAR  reduce 84
	T_CLOSE_PAR  reduce 84
	T_CLOSE_BRA  reduce 84
	T_OPEN_SQR  reduce 84
	T_CLOSE_SQR  reduce 84
	T_COMMA  reduce 84
	T_SEMICOLON  reduce 84


state 48
	decl : T_CONST binding_list . T_SEMICOLON  (18)

	T_SEMICOLON  shift 98
	.  error


state 49
	expr_aux : expr . T_OPEN_PAR tab_expr_list T_CLOSE_PAR  (39)
	left_member : expr . T_OPEN_SQR expr T_CLOSE_SQR  (41)
	left_member : expr . T_DOT T_IDENTIFIER  (42)
	left_member : T_OPEN_PAR expr . T_CLOSE_PAR  (43)
	binop : expr . T_PLUS expr  (85)
	binop : expr . T_MINUS expr  (86)
	binop : expr . T_MUL expr  (87)
	binop : expr . T_DIV expr  (88)
	binop : expr . T_LT expr  (89)
	binop : expr . T_LEQ expr  (90)
	binop : expr . T_GT expr  (91)
	binop : expr . T_GEQ expr  (92)
	binop : expr . T_EQ expr  (93)
	binop : expr . T_DIFF expr  (94)
	binop : expr . T_EQQ expr  (95)
	binop : expr . T_NEQQ expr  (96)
	binop : expr . T_AND expr  (97)
	binop : expr . T_OR expr  (98)
	binop : expr . T_NOT expr  (99)
	binop : expr . T_POW expr  (100)

	T_OPEN_PAR  shift 65
	T_CLOSE_PAR  shift 99
	T_OPEN_SQR  shift 66
	T_DOT  shift 67
	T_PLUS  shift 68
	T_MINUS  shift 69
	T_MUL  shift 70
	T_DIV  shift 71
	T_POW  shift 72
	T_AND  shift 73
	T_OR  shift 74
	T_NOT  shift 75
	T_LT  shift 76
	T_LEQ  shift 77
	T_GT  shift 78
	T_GEQ  shift 79
	T_EQ  shift 80
	T_DIFF  shift 81
	T_EQQ  shift 82
	T_NEQQ  shift 83
	.  error


state 50
	object_expr_member : T_IDENTIFIER . T_COLON expr  (22)
	left_member : T_IDENTIFIER .  (40)

	T_COLON  shift 100
	T_OPEN_PAR  reduce 40
	T_OPEN_SQR  reduce 40
	T_DOT  reduce 40
	T_SEMICOLON  reduce 40
	T_PLUS  reduce 40
	T_MINUS  reduce 40
	T_MUL  reduce 40
	T_DIV  reduce 40
	T_POW  reduce 40
	T_AND  reduce 40
	T_OR  reduce 40
	T_NOT  reduce 40
	T_LT  reduce 40
	T_LEQ  reduce 40
	T_GT  reduce 40
	T_GEQ  reduce 40
	T_EQ  reduce 40
	T_DIFF  reduce 40
	T_EQQ  reduce 40
	T_NEQQ  reduce 40
	T_ASSIGN  reduce 40


state 51
	compound : T_OPEN_BRA . instr_list T_CLOSE_BRA  (5)
	object_expr : T_OPEN_BRA . object_expr_member_list T_CLOSE_BRA  (26)
	expr : T_OPEN_BRA . T_CLOSE_BRA  (27)

	T_INT_LIT  shift 3
	T_FLOAT_LIT  shift 4
	T_STR_LIT  shift 5
	T_IDENTIFIER  shift 50
	T_BOOL_LIT  shift 7
	T_TYPE  shift 8
	T_IF  shift 9
	T_WHILE  shift 10
	T_RETURN  shift 11
	T_LET  shift 12
	T_VAR  shift 13
	T_FUNCTION  shift 14
	T_TYPEOF  shift 15
	T_CONST  shift 16
	T_OPEN_PAR  shift 17
	T_OPEN_BRA  shift 51
	T_CLOSE_BRA  shift 90
	T_OPEN_SQR  shift 19
	T_SEMICOLON  shift 20
	T_PLUS  shift 21
	T_MINUS  shift 22
	T_NOT  shift 23
	.  error

	instr  goto 53
	compound  goto 27
	decl  goto 54
	expr  goto 29
	left_member  goto 30
	object_expr  goto 31
	object_expr_member  goto 55
	object_expr_member_list  goto 56
	instr_list  goto 57
	expr_aux  goto 32
	unop  goto 33
	binop  goto 34


state 52
	program : T_OPEN_BRA T_CLOSE_BRA . program  (4)
	expr : T_OPEN_BRA T_CLOSE_BRA .  (27)

	T_INT_LIT  shift 3
	T_FLOAT_LIT  shift 4
	T_STR_LIT  shift 5
	T_IDENTIFIER  shift 6
	T_BOOL_LIT  shift 7
	T_TYPE  shift 8
	T_IF  shift 9
	T_WHILE  shift 10
	T_RETURN  shift 11
	T_LET  shift 12
	T_VAR  shift 13
	T_FUNCTION  shift 14
	T_TYPEOF  shift 15
	T_CONST  shift 16
	T_OPEN_PAR  shift 17
	T_OPEN_BRA  shift 18
	T_OPEN_SQR  shift 19
	T_SEMICOLON  shift 20
	T_PLUS  shift 21
	T_MINUS  shift 22
	T_NOT  shift 23
	EOF  shift 24
	T_DOT  reduce 27
	T_MUL  reduce 27
	T_DIV  reduce 27
	T_POW  reduce 27
	T_AND  reduce 27
	T_OR  reduce 27
	T_LT  reduce 27
	T_LEQ  reduce 27
	T_GT  reduce 27
	T_GEQ  reduce 27
	T_EQ  reduce 27
	T_DIFF  reduce 27
	T_EQQ  reduce 27
	T_NEQQ  reduce 27

	program  goto 101
	instr  goto 26
	compound  goto 27
	decl  goto 28
	expr  goto 29
	left_member  goto 30
	object_expr  goto 31
	expr_aux  goto 32
	unop  goto 33
	binop  goto 34


state 53
	instr_list : instr . instr_list  (44)
	instr_list : instr .  (46)

	T_INT_LIT  shift 3
	T_FLOAT_LIT  shift 4
	T_STR_LIT  shift 5
	T_IDENTIFIER  shift 6
	T_BOOL_LIT  shift 7
	T_TYPE  shift 8
	T_IF  shift 9
	T_WHILE  shift 10
	T_RETURN  shift 11
	T_LET  shift 12
	T_VAR  shift 13
	T_FUNCTION  shift 14
	T_TYPEOF  shift 15
	T_CONST  shift 16
	T_OPEN_PAR  shift 17
	T_OPEN_BRA  shift 51
	T_OPEN_SQR  shift 19
	T_SEMICOLON  shift 20
	T_PLUS  shift 21
	T_MINUS  shift 22
	T_NOT  shift 23
	T_CLOSE_BRA  reduce 46

	instr  goto 53
	compound  goto 27
	decl  goto 54
	expr  goto 29
	left_member  goto 30
	object_expr  goto 31
	instr_list  goto 102
	expr_aux  goto 32
	unop  goto 33
	binop  goto 34


state 54
	instr_list : decl . instr_list  (45)
	instr_list : decl .  (47)

	T_INT_LIT  shift 3
	T_FLOAT_LIT  shift 4
	T_STR_LIT  shift 5
	T_IDENTIFIER  shift 6
	T_BOOL_LIT  shift 7
	T_TYPE  shift 8
	T_IF  shift 9
	T_WHILE  shift 10
	T_RETURN  shift 11
	T_LET  shift 12
	T_VAR  shift 13
	T_FUNCTION  shift 14
	T_TYPEOF  shift 15
	T_CONST  shift 16
	T_OPEN_PAR  shift 17
	T_OPEN_BRA  shift 51
	T_OPEN_SQR  shift 19
	T_SEMICOLON  shift 20
	T_PLUS  shift 21
	T_MINUS  shift 22
	T_NOT  shift 23
	T_CLOSE_BRA  reduce 47

	instr  goto 53
	compound  goto 27
	decl  goto 54
	expr  goto 29
	left_member  goto 30
	object_expr  goto 31
	instr_list  goto 103
	expr_aux  goto 32
	unop  goto 33
	binop  goto 34


state 55
	object_expr_member_list : object_expr_member . T_COMMA object_expr_member_list  (23)
	object_expr_member_list : object_expr_member . T_COMMA  (24)
	object_expr_member_list : object_expr_member .  (25)

	T_COMMA  shift 104
	T_CLOSE_BRA  reduce 25


state 56
	object_expr : T_OPEN_BRA object_expr_member_list . T_CLOSE_BRA  (26)

	T_CLOSE_BRA  shift 105
	.  error


state 57
	compound : T_OPEN_BRA instr_list . T_CLOSE_BRA  (5)

	T_CLOSE_BRA  shift 106
	.  error


state 58
	tab_expr_list : expr . T_COMMA tab_expr_list  (19)
	tab_expr_list : expr .  (21)
	expr_aux : expr . T_OPEN_PAR tab_expr_list T_CLOSE_PAR  (39)
	left_member : expr . T_OPEN_SQR expr T_CLOSE_SQR  (41)
	left_member : expr . T_DOT T_IDENTIFIER  (42)
	binop : expr . T_PLUS expr  (85)
	binop : expr . T_MINUS expr  (86)
	binop : expr . T_MUL expr  (87)
	binop : expr . T_DIV expr  (88)
	binop : expr . T_LT expr  (89)
	binop : expr . T_LEQ expr  (90)
	binop : expr . T_GT expr  (91)
	binop : expr . T_GEQ expr  (92)
	binop : expr . T_EQ expr  (93)
	binop : expr . T_DIFF expr  (94)
	binop : expr . T_EQQ expr  (95)
	binop : expr . T_NEQQ expr  (96)
	binop : expr . T_AND expr  (97)
	binop : expr . T_OR expr  (98)
	binop : expr . T_NOT expr  (99)
	binop : expr . T_POW expr  (100)

	T_OPEN_PAR  shift 65
	T_OPEN_SQR  shift 66
	T_COMMA  shift 107
	T_DOT  shift 67
	T_PLUS  shift 68
	T_MINUS  shift 69
	T_MUL  shift 70
	T_DIV  shift 71
	T_POW  shift 72
	T_AND  shift 73
	T_OR  shift 74
	T_NOT  shift 75
	T_LT  shift 76
	T_LEQ  shift 77
	T_GT  shift 78
	T_GEQ  shift 79
	T_EQ  shift 80
	T_DIFF  shift 81
	T_EQQ  shift 82
	T_NEQQ  shift 83
	T_CLOSE_PAR  reduce 21
	T_CLOSE_SQR  reduce 21


state 59
	expr_aux : T_OPEN_SQR tab_expr_list . T_CLOSE_SQR  (37)

	T_CLOSE_SQR  shift 108
	.  error


state 60
	expr_aux : expr . T_OPEN_PAR tab_expr_list T_CLOSE_PAR  (39)
	left_member : expr . T_OPEN_SQR expr T_CLOSE_SQR  (41)
	left_member : expr . T_DOT T_IDENTIFIER  (42)
	unop : T_PLUS expr .  (82)
	binop : expr . T_PLUS expr  (85)
	binop : expr . T_MINUS expr  (86)
	binop : expr . T_MUL expr  (87)
	binop : expr . T_DIV expr  (88)
	binop : expr . T_LT expr  (89)
	binop : expr . T_LEQ expr  (90)
	binop : expr . T_GT expr  (91)
	binop : expr . T_GEQ expr  (92)
	binop : expr . T_EQ expr  (93)
	binop : expr . T_DIFF expr  (94)
	binop : expr . T_EQQ expr  (95)
	binop : expr . T_NEQQ expr  (96)
	binop : expr . T_AND expr  (97)
	binop : expr . T_OR expr  (98)
	binop : expr . T_NOT expr  (99)
	binop : expr . T_POW expr  (100)

	T_DOT  shift 67
	T_AND  shift 73
	T_OR  shift 74
	T_LT  shift 76
	T_LEQ  shift 77
	T_GT  shift 78
	T_GEQ  shift 79
	T_EQ  shift 80
	T_DIFF  shift 81
	T_EQQ  shift 82
	T_NEQQ  shift 83
	T_OPEN_PAR  reduce 82
	T_CLOSE_PAR  reduce 82
	T_CLOSE_BRA  reduce 82
	T_OPEN_SQR  reduce 82
	T_CLOSE_SQR  reduce 82
	T_COMMA  reduce 82
	T_SEMICOLON  reduce 82
	T_PLUS  reduce 82
	T_MINUS  reduce 82
	T_MUL  reduce 82
	T_DIV  reduce 82
	T_POW  reduce 82
	T_NOT  reduce 82


state 61
	expr_aux : expr . T_OPEN_PAR tab_expr_list T_CLOSE_PAR  (39)
	left_member : expr . T_OPEN_SQR expr T_CLOSE_SQR  (41)
	left_member : expr . T_DOT T_IDENTIFIER  (42)
	unop : T_MINUS expr .  (83)
	binop : expr . T_PLUS expr  (85)
	binop : expr . T_MINUS expr  (86)
	binop : expr . T_MUL expr  (87)
	binop : expr . T_DIV expr  (88)
	binop : expr . T_LT expr  (89)
	binop : expr . T_LEQ expr  (90)
	binop : expr . T_GT expr  (91)
	binop : expr . T_GEQ expr  (92)
	binop : expr . T_EQ expr  (93)
	binop : expr . T_DIFF expr  (94)
	binop : expr . T_EQQ expr  (95)
	binop : expr . T_NEQQ expr  (96)
	binop : expr . T_AND expr  (97)
	binop : expr . T_OR expr  (98)
	binop : expr . T_NOT expr  (99)
	binop : expr . T_POW expr  (100)

	T_DOT  shift 67
	T_AND  shift 73
	T_OR  shift 74
	T_LT  shift 76
	T_LEQ  shift 77
	T_GT  shift 78
	T_GEQ  shift 79
	T_EQ  shift 80
	T_DIFF  shift 81
	T_EQQ  shift 82
	T_NEQQ  shift 83
	T_OPEN_PAR  reduce 83
	T_CLOSE_PAR  reduce 83
	T_CLOSE_BRA  reduce 83
	T_OPEN_SQR  reduce 83
	T_CLOSE_SQR  reduce 83
	T_COMMA  reduce 83
	T_SEMICOLON  reduce 83
	T_PLUS  reduce 83
	T_MINUS  reduce 83
	T_MUL  reduce 83
	T_DIV  reduce 83
	T_POW  reduce 83
	T_NOT  reduce 83


state 62
	expr_aux : expr . T_OPEN_PAR tab_expr_list T_CLOSE_PAR  (39)
	left_member : expr . T_OPEN_SQR expr T_CLOSE_SQR  (41)
	left_member : expr . T_DOT T_IDENTIFIER  (42)
	unop : T_NOT expr .  (81)
	binop : expr . T_PLUS expr  (85)
	binop : expr . T_MINUS expr  (86)
	binop : expr . T_MUL expr  (87)
	binop : expr . T_DIV expr  (88)
	binop : expr . T_LT expr  (89)
	binop : expr . T_LEQ expr  (90)
	binop : expr . T_GT expr  (91)
	binop : expr . T_GEQ expr  (92)
	binop : expr . T_EQ expr  (93)
	binop : expr . T_DIFF expr  (94)
	binop : expr . T_EQQ expr  (95)
	binop : expr . T_NEQQ expr  (96)
	binop : expr . T_AND expr  (97)
	binop : expr . T_OR expr  (98)
	binop : expr . T_NOT expr  (99)
	binop : expr . T_POW expr  (100)

	T_DOT  shift 67
	T_PLUS  shift 68
	T_MINUS  shift 69
	T_MUL  shift 70
	T_DIV  shift 71
	T_POW  shift 72
	T_AND  shift 73
	T_OR  shift 74
	T_NOT  shift 75
	T_LT  shift 76
	T_LEQ  shift 77
	T_GT  shift 78
	T_GEQ  shift 79
	T_EQ  shift 80
	T_DIFF  shift 81
	T_EQQ  shift 82
	T_NEQQ  shift 83
	T_OPEN_PAR  reduce 81
	T_CLOSE_PAR  reduce 81
	T_CLOSE_BRA  reduce 81
	T_OPEN_SQR  reduce 81
	T_CLOSE_SQR  reduce 81
	T_COMMA  reduce 81
	T_SEMICOLON  reduce 81


state 63
	program : instr program .  (1)

	.  reduce 1


state 64
	program : decl program .  (2)

	.  reduce 2


state 65
	expr_aux : expr T_OPEN_PAR . tab_expr_list T_CLOSE_PAR  (39)
	tab_expr_list : .  (20)

	T_INT_LIT  shift 3
	T_FLOAT_LIT  shift 4
	T_STR_LIT  shift 5
	T_IDENTIFIER  shift 6
	T_BOOL_LIT  shift 7
	T_TYPEOF  shift 15
	T_OPEN_PAR  shift 17
	T_OPEN_BRA  shift 38
	T_OPEN_SQR  shift 19
	T_PLUS  shift 21
	T_MINUS  shift 22
	T_NOT  shift 23
	T_CLOSE_PAR  reduce 20

	expr  goto 58
	left_member  goto 30
	object_expr  goto 31
	tab_expr_list  goto 109
	expr_aux  goto 41
	unop  goto 33
	binop  goto 34


state 66
	left_member : expr T_OPEN_SQR . expr T_CLOSE_SQR  (41)

	T_INT_LIT  shift 3
	T_FLOAT_LIT  shift 4
	T_STR_LIT  shift 5
	T_IDENTIFIER  shift 6
	T_BOOL_LIT  shift 7
	T_TYPEOF  shift 15
	T_OPEN_PAR  shift 17
	T_OPEN_BRA  shift 38
	T_OPEN_SQR  shift 19
	T_PLUS  shift 21
	T_MINUS  shift 22
	T_NOT  shift 23
	.  error

	expr  goto 110
	left_member  goto 30
	object_expr  goto 31
	expr_aux  goto 41
	unop  goto 33
	binop  goto 34


state 67
	left_member : expr T_DOT . T_IDENTIFIER  (42)

	T_IDENTIFIER  shift 111
	.  error


state 68
	binop : expr T_PLUS . expr  (85)

	T_INT_LIT  shift 3
	T_FLOAT_LIT  shift 4
	T_STR_LIT  shift 5
	T_IDENTIFIER  shift 6
	T_BOOL_LIT  shift 7
	T_TYPEOF  shift 15
	T_OPEN_PAR  shift 17
	T_OPEN_BRA  shift 38
	T_OPEN_SQR  shift 19
	T_PLUS  shift 21
	T_MINUS  shift 22
	T_NOT  shift 23
	.  error

	expr  goto 112
	left_member  goto 30
	object_expr  goto 31
	expr_aux  goto 41
	unop  goto 33
	binop  goto 34


state 69
	binop : expr T_MINUS . expr  (86)

	T_INT_LIT  shift 3
	T_FLOAT_LIT  shift 4
	T_STR_LIT  shift 5
	T_IDENTIFIER  shift 6
	T_BOOL_LIT  shift 7
	T_TYPEOF  shift 15
	T_OPEN_PAR  shift 17
	T_OPEN_BRA  shift 38
	T_OPEN_SQR  shift 19
	T_PLUS  shift 21
	T_MINUS  shift 22
	T_NOT  shift 23
	.  error

	expr  goto 113
	left_member  goto 30
	object_expr  goto 31
	expr_aux  goto 41
	unop  goto 33
	binop  goto 34


state 70
	binop : expr T_MUL . expr  (87)

	T_INT_LIT  shift 3
	T_FLOAT_LIT  shift 4
	T_STR_LIT  shift 5
	T_IDENTIFIER  shift 6
	T_BOOL_LIT  shift 7
	T_TYPEOF  shift 15
	T_OPEN_PAR  shift 17
	T_OPEN_BRA  shift 38
	T_OPEN_SQR  shift 19
	T_PLUS  shift 21
	T_MINUS  shift 22
	T_NOT  shift 23
	.  error

	expr  goto 114
	left_member  goto 30
	object_expr  goto 31
	expr_aux  goto 41
	unop  goto 33
	binop  goto 34


state 71
	binop : expr T_DIV . expr  (88)

	T_INT_LIT  shift 3
	T_FLOAT_LIT  shift 4
	T_STR_LIT  shift 5
	T_IDENTIFIER  shift 6
	T_BOOL_LIT  shift 7
	T_TYPEOF  shift 15
	T_OPEN_PAR  shift 17
	T_OPEN_BRA  shift 38
	T_OPEN_SQR  shift 19
	T_PLUS  shift 21
	T_MINUS  shift 22
	T_NOT  shift 23
	.  error

	expr  goto 115
	left_member  goto 30
	object_expr  goto 31
	expr_aux  goto 41
	unop  goto 33
	binop  goto 34


state 72
	binop : expr T_POW . expr  (100)

	T_INT_LIT  shift 3
	T_FLOAT_LIT  shift 4
	T_STR_LIT  shift 5
	T_IDENTIFIER  shift 6
	T_BOOL_LIT  shift 7
	T_TYPEOF  shift 15
	T_OPEN_PAR  shift 17
	T_OPEN_BRA  shift 38
	T_OPEN_SQR  shift 19
	T_PLUS  shift 21
	T_MINUS  shift 22
	T_NOT  shift 23
	.  error

	expr  goto 116
	left_member  goto 30
	object_expr  goto 31
	expr_aux  goto 41
	unop  goto 33
	binop  goto 34


state 73
	binop : expr T_AND . expr  (97)

	T_INT_LIT  shift 3
	T_FLOAT_LIT  shift 4
	T_STR_LIT  shift 5
	T_IDENTIFIER  shift 6
	T_BOOL_LIT  shift 7
	T_TYPEOF  shift 15
	T_OPEN_PAR  shift 17
	T_OPEN_BRA  shift 38
	T_OPEN_SQR  shift 19
	T_PLUS  shift 21
	T_MINUS  shift 22
	T_NOT  shift 23
	.  error

	expr  goto 117
	left_member  goto 30
	object_expr  goto 31
	expr_aux  goto 41
	unop  goto 33
	binop  goto 34


state 74
	binop : expr T_OR . expr  (98)

	T_INT_LIT  shift 3
	T_FLOAT_LIT  shift 4
	T_STR_LIT  shift 5
	T_IDENTIFIER  shift 6
	T_BOOL_LIT  shift 7
	T_TYPEOF  shift 15
	T_OPEN_PAR  shift 17
	T_OPEN_BRA  shift 38
	T_OPEN_SQR  shift 19
	T_PLUS  shift 21
	T_MINUS  shift 22
	T_NOT  shift 23
	.  error

	expr  goto 118
	left_member  goto 30
	object_expr  goto 31
	expr_aux  goto 41
	unop  goto 33
	binop  goto 34


state 75
	binop : expr T_NOT . expr  (99)

	T_INT_LIT  shift 3
	T_FLOAT_LIT  shift 4
	T_STR_LIT  shift 5
	T_IDENTIFIER  shift 6
	T_BOOL_LIT  shift 7
	T_TYPEOF  shift 15
	T_OPEN_PAR  shift 17
	T_OPEN_BRA  shift 38
	T_OPEN_SQR  shift 19
	T_PLUS  shift 21
	T_MINUS  shift 22
	T_NOT  shift 23
	.  error

	expr  goto 119
	left_member  goto 30
	object_expr  goto 31
	expr_aux  goto 41
	unop  goto 33
	binop  goto 34


state 76
	binop : expr T_LT . expr  (89)

	T_INT_LIT  shift 3
	T_FLOAT_LIT  shift 4
	T_STR_LIT  shift 5
	T_IDENTIFIER  shift 6
	T_BOOL_LIT  shift 7
	T_TYPEOF  shift 15
	T_OPEN_PAR  shift 17
	T_OPEN_BRA  shift 38
	T_OPEN_SQR  shift 19
	T_PLUS  shift 21
	T_MINUS  shift 22
	T_NOT  shift 23
	.  error

	expr  goto 120
	left_member  goto 30
	object_expr  goto 31
	expr_aux  goto 41
	unop  goto 33
	binop  goto 34


state 77
	binop : expr T_LEQ . expr  (90)

	T_INT_LIT  shift 3
	T_FLOAT_LIT  shift 4
	T_STR_LIT  shift 5
	T_IDENTIFIER  shift 6
	T_BOOL_LIT  shift 7
	T_TYPEOF  shift 15
	T_OPEN_PAR  shift 17
	T_OPEN_BRA  shift 38
	T_OPEN_SQR  shift 19
	T_PLUS  shift 21
	T_MINUS  shift 22
	T_NOT  shift 23
	.  error

	expr  goto 121
	left_member  goto 30
	object_expr  goto 31
	expr_aux  goto 41
	unop  goto 33
	binop  goto 34


state 78
	binop : expr T_GT . expr  (91)

	T_INT_LIT  shift 3
	T_FLOAT_LIT  shift 4
	T_STR_LIT  shift 5
	T_IDENTIFIER  shift 6
	T_BOOL_LIT  shift 7
	T_TYPEOF  shift 15
	T_OPEN_PAR  shift 17
	T_OPEN_BRA  shift 38
	T_OPEN_SQR  shift 19
	T_PLUS  shift 21
	T_MINUS  shift 22
	T_NOT  shift 23
	.  error

	expr  goto 122
	left_member  goto 30
	object_expr  goto 31
	expr_aux  goto 41
	unop  goto 33
	binop  goto 34


state 79
	binop : expr T_GEQ . expr  (92)

	T_INT_LIT  shift 3
	T_FLOAT_LIT  shift 4
	T_STR_LIT  shift 5
	T_IDENTIFIER  shift 6
	T_BOOL_LIT  shift 7
	T_TYPEOF  shift 15
	T_OPEN_PAR  shift 17
	T_OPEN_BRA  shift 38
	T_OPEN_SQR  shift 19
	T_PLUS  shift 21
	T_MINUS  shift 22
	T_NOT  shift 23
	.  error

	expr  goto 123
	left_member  goto 30
	object_expr  goto 31
	expr_aux  goto 41
	unop  goto 33
	binop  goto 34


state 80
	binop : expr T_EQ . expr  (93)

	T_INT_LIT  shift 3
	T_FLOAT_LIT  shift 4
	T_STR_LIT  shift 5
	T_IDENTIFIER  shift 6
	T_BOOL_LIT  shift 7
	T_TYPEOF  shift 15
	T_OPEN_PAR  shift 17
	T_OPEN_BRA  shift 38
	T_OPEN_SQR  shift 19
	T_PLUS  shift 21
	T_MINUS  shift 22
	T_NOT  shift 23
	.  error

	expr  goto 124
	left_member  goto 30
	object_expr  goto 31
	expr_aux  goto 41
	unop  goto 33
	binop  goto 34


state 81
	binop : expr T_DIFF . expr  (94)

	T_INT_LIT  shift 3
	T_FLOAT_LIT  shift 4
	T_STR_LIT  shift 5
	T_IDENTIFIER  shift 6
	T_BOOL_LIT  shift 7
	T_TYPEOF  shift 15
	T_OPEN_PAR  shift 17
	T_OPEN_BRA  shift 38
	T_OPEN_SQR  shift 19
	T_PLUS  shift 21
	T_MINUS  shift 22
	T_NOT  shift 23
	.  error

	expr  goto 125
	left_member  goto 30
	object_expr  goto 31
	expr_aux  goto 41
	unop  goto 33
	binop  goto 34


state 82
	binop : expr T_EQQ . expr  (95)

	T_INT_LIT  shift 3
	T_FLOAT_LIT  shift 4
	T_STR_LIT  shift 5
	T_IDENTIFIER  shift 6
	T_BOOL_LIT  shift 7
	T_TYPEOF  shift 15
	T_OPEN_PAR  shift 17
	T_OPEN_BRA  shift 38
	T_OPEN_SQR  shift 19
	T_PLUS  shift 21
	T_MINUS  shift 22
	T_NOT  shift 23
	.  error

	expr  goto 126
	left_member  goto 30
	object_expr  goto 31
	expr_aux  goto 41
	unop  goto 33
	binop  goto 34


state 83
	binop : expr T_NEQQ . expr  (96)

	T_INT_LIT  shift 3
	T_FLOAT_LIT  shift 4
	T_STR_LIT  shift 5
	T_IDENTIFIER  shift 6
	T_BOOL_LIT  shift 7
	T_TYPEOF  shift 15
	T_OPEN_PAR  shift 17
	T_OPEN_BRA  shift 38
	T_OPEN_SQR  shift 19
	T_PLUS  shift 21
	T_MINUS  shift 22
	T_NOT  shift 23
	.  error

	expr  goto 127
	left_member  goto 30
	object_expr  goto 31
	expr_aux  goto 41
	unop  goto 33
	binop  goto 34


state 84
	expr_aux : left_member T_ASSIGN . expr  (38)

	T_INT_LIT  shift 3
	T_FLOAT_LIT  shift 4
	T_STR_LIT  shift 5
	T_IDENTIFIER  shift 6
	T_BOOL_LIT  shift 7
	T_TYPEOF  shift 15
	T_OPEN_PAR  shift 17
	T_OPEN_BRA  shift 38
	T_OPEN_SQR  shift 19
	T_PLUS  shift 21
	T_MINUS  shift 22
	T_NOT  shift 23
	.  error

	expr  goto 128
	left_member  goto 30
	object_expr  goto 31
	expr_aux  goto 41
	unop  goto 33
	binop  goto 34


state 85
	instr : expr_aux T_SEMICOLON .  (12)

	.  reduce 12


state 86
	decl : T_TYPE T_IDENTIFIER T_ASSIGN . type_  (16)

	T_INT_LIT  shift 129
	T_FLOAT_LIT  shift 130
	T_STR_LIT  shift 131
	T_IDENTIFIER  shift 132
	T_BOOL_LIT  shift 133
	T_NUMBER  shift 134
	T_STRING  shift 135
	T_BOOLEAN  shift 136
	T_ANY  shift 137
	T_OPEN_PAR  shift 138
	T_OPEN_BRA  shift 139
	.  error

	type_  goto 140
	basic_type  goto 141
	union_type  goto 142


state 87
	instr : T_IF T_OPEN_PAR expr . T_CLOSE_PAR instr T_ELSE instr  (13)
	instr : T_IF T_OPEN_PAR expr . T_CLOSE_PAR instr  (14)
	expr_aux : expr . T_OPEN_PAR tab_expr_list T_CLOSE_PAR  (39)
	left_member : expr . T_OPEN_SQR expr T_CLOSE_SQR  (41)
	left_member : expr . T_DOT T_IDENTIFIER  (42)
	binop : expr . T_PLUS expr  (85)
	binop : expr . T_MINUS expr  (86)
	binop : expr . T_MUL expr  (87)
	binop : expr . T_DIV expr  (88)
	binop : expr . T_LT expr  (89)
	binop : expr . T_LEQ expr  (90)
	binop : expr . T_GT expr  (91)
	binop : expr . T_GEQ expr  (92)
	binop : expr . T_EQ expr  (93)
	binop : expr . T_DIFF expr  (94)
	binop : expr . T_EQQ expr  (95)
	binop : expr . T_NEQQ expr  (96)
	binop : expr . T_AND expr  (97)
	binop : expr . T_OR expr  (98)
	binop : expr . T_NOT expr  (99)
	binop : expr . T_POW expr  (100)

	T_OPEN_PAR  shift 65
	T_CLOSE_PAR  shift 143
	T_OPEN_SQR  shift 66
	T_DOT  shift 67
	T_PLUS  shift 68
	T_MINUS  shift 69
	T_MUL  shift 70
	T_DIV  shift 71
	T_POW  shift 72
	T_AND  shift 73
	T_OR  shift 74
	T_NOT  shift 75
	T_LT  shift 76
	T_LEQ  shift 77
	T_GT  shift 78
	T_GEQ  shift 79
	T_EQ  shift 80
	T_DIFF  shift 81
	T_EQQ  shift 82
	T_NEQQ  shift 83
	.  error


state 88
	instr : T_WHILE T_OPEN_PAR expr . T_CLOSE_PAR instr  (9)
	expr_aux : expr . T_OPEN_PAR tab_expr_list T_CLOSE_PAR  (39)
	left_member : expr . T_OPEN_SQR expr T_CLOSE_SQR  (41)
	left_member : expr . T_DOT T_IDENTIFIER  (42)
	binop : expr . T_PLUS expr  (85)
	binop : expr . T_MINUS expr  (86)
	binop : expr . T_MUL expr  (87)
	binop : expr . T_DIV expr  (88)
	binop : expr . T_LT expr  (89)
	binop : expr . T_LEQ expr  (90)
	binop : expr . T_GT expr  (91)
	binop : expr . T_GEQ expr  (92)
	binop : expr . T_EQ expr  (93)
	binop : expr . T_DIFF expr  (94)
	binop : expr . T_EQQ expr  (95)
	binop : expr . T_NEQQ expr  (96)
	binop : expr . T_AND expr  (97)
	binop : expr . T_OR expr  (98)
	binop : expr . T_NOT expr  (99)
	binop : expr . T_POW expr  (100)

	T_OPEN_PAR  shift 65
	T_CLOSE_PAR  shift 144
	T_OPEN_SQR  shift 66
	T_DOT  shift 67
	T_PLUS  shift 68
	T_MINUS  shift 69
	T_MUL  shift 70
	T_DIV  shift 71
	T_POW  shift 72
	T_AND  shift 73
	T_OR  shift 74
	T_NOT  shift 75
	T_LT  shift 76
	T_LEQ  shift 77
	T_GT  shift 78
	T_GEQ  shift 79
	T_EQ  shift 80
	T_DIFF  shift 81
	T_EQQ  shift 82
	T_NEQQ  shift 83
	.  error


state 89
	object_expr_member : T_IDENTIFIER . T_COLON expr  (22)

	T_COLON  shift 100
	.  error


state 90
	expr : T_OPEN_BRA T_CLOSE_BRA .  (27)

	.  reduce 27


state 91
	instr : T_RETURN expr T_SEMICOLON .  (10)

	.  reduce 10


state 92
	type_opt : T_COLON . type_  (72)

	T_INT_LIT  shift 129
	T_FLOAT_LIT  shift 130
	T_STR_LIT  shift 131
	T_IDENTIFIER  shift 132
	T_BOOL_LIT  shift 133
	T_NUMBER  shift 134
	T_STRING  shift 135
	T_BOOLEAN  shift 136
	T_ANY  shift 137
	T_OPEN_PAR  shift 138
	T_OPEN_BRA  shift 139
	.  error

	type_  goto 145
	basic_type  goto 141
	union_type  goto 142


state 93
	binding : T_IDENTIFIER type_opt . T_ASSIGN expr  (50)
	binding : T_IDENTIFIER type_opt .  (51)

	T_ASSIGN  shift 146
	T_CLOSE_PAR  reduce 51
	T_COMMA  reduce 51
	T_SEMICOLON  reduce 51


state 94
	binding_list : binding T_COMMA . binding_list  (53)

	T_IDENTIFIER  shift 42
	.  error

	binding  goto 43
	binding_list  goto 147


state 95
	decl : T_LET binding_list T_SEMICOLON .  (17)

	.  reduce 17


state 96
	instr : T_VAR binding_list T_SEMICOLON .  (8)

	.  reduce 8


state 97
	decl : T_FUNCTION T_IDENTIFIER T_OPEN_PAR . binding_list_empty T_CLOSE_PAR type_opt T_OPEN_BRA instr_list_empty T_CLOSE_BRA  (15)
	binding_list_empty : .  (55)

	T_IDENTIFIER  shift 42
	T_CLOSE_PAR  reduce 55

	binding  goto 43
	binding_list  goto 148
	binding_list_empty  goto 149


state 98
	decl : T_CONST binding_list T_SEMICOLON .  (18)

	.  reduce 18


state 99
	left_member : T_OPEN_PAR expr T_CLOSE_PAR .  (43)

	.  reduce 43


state 100
	object_expr_member : T_IDENTIFIER T_COLON . expr  (22)

	T_INT_LIT  shift 3
	T_FLOAT_LIT  shift 4
	T_STR_LIT  shift 5
	T_IDENTIFIER  shift 6
	T_BOOL_LIT  shift 7
	T_TYPEOF  shift 15
	T_OPEN_PAR  shift 17
	T_OPEN_BRA  shift 38
	T_OPEN_SQR  shift 19
	T_PLUS  shift 21
	T_MINUS  shift 22
	T_NOT  shift 23
	.  error

	expr  goto 150
	left_member  goto 30
	object_expr  goto 31
	expr_aux  goto 41
	unop  goto 33
	binop  goto 34


state 101
	program : T_OPEN_BRA T_CLOSE_BRA program .  (4)

	.  reduce 4


state 102
	instr_list : instr instr_list .  (44)

	.  reduce 44


state 103
	instr_list : decl instr_list .  (45)

	.  reduce 45


state 104
	object_expr_member_list : object_expr_member T_COMMA . object_expr_member_list  (23)
	object_expr_member_list : object_expr_member T_COMMA .  (24)

	T_IDENTIFIER  shift 89
	T_CLOSE_BRA  reduce 24

	object_expr_member  goto 55
	object_expr_member_list  goto 151


state 105
	object_expr : T_OPEN_BRA object_expr_member_list T_CLOSE_BRA .  (26)

	.  reduce 26


state 106
	compound : T_OPEN_BRA instr_list T_CLOSE_BRA .  (5)

	.  reduce 5


state 107
	tab_expr_list : expr T_COMMA . tab_expr_list  (19)
	tab_expr_list : .  (20)

	T_INT_LIT  shift 3
	T_FLOAT_LIT  shift 4
	T_STR_LIT  shift 5
	T_IDENTIFIER  shift 6
	T_BOOL_LIT  shift 7
	T_TYPEOF  shift 15
	T_OPEN_PAR  shift 17
	T_OPEN_BRA  shift 38
	T_OPEN_SQR  shift 19
	T_PLUS  shift 21
	T_MINUS  shift 22
	T_NOT  shift 23
	T_CLOSE_PAR  reduce 20
	T_CLOSE_SQR  reduce 20

	expr  goto 58
	left_member  goto 30
	object_expr  goto 31
	tab_expr_list  goto 152
	expr_aux  goto 41
	unop  goto 33
	binop  goto 34


state 108
	expr_aux : T_OPEN_SQR tab_expr_list T_CLOSE_SQR .  (37)

	.  reduce 37


state 109
	expr_aux : expr T_OPEN_PAR tab_expr_list . T_CLOSE_PAR  (39)

	T_CLOSE_PAR  shift 153
	.  error


state 110
	expr_aux : expr . T_OPEN_PAR tab_expr_list T_CLOSE_PAR  (39)
	left_member : expr . T_OPEN_SQR expr T_CLOSE_SQR  (41)
	left_member : expr T_OPEN_SQR expr . T_CLOSE_SQR  (41)
	left_member : expr . T_DOT T_IDENTIFIER  (42)
	binop : expr . T_PLUS expr  (85)
	binop : expr . T_MINUS expr  (86)
	binop : expr . T_MUL expr  (87)
	binop : expr . T_DIV expr  (88)
	binop : expr . T_LT expr  (89)
	binop : expr . T_LEQ expr  (90)
	binop : expr . T_GT expr  (91)
	binop : expr . T_GEQ expr  (92)
	binop : expr . T_EQ expr  (93)
	binop : expr . T_DIFF expr  (94)
	binop : expr . T_EQQ expr  (95)
	binop : expr . T_NEQQ expr  (96)
	binop : expr . T_AND expr  (97)
	binop : expr . T_OR expr  (98)
	binop : expr . T_NOT expr  (99)
	binop : expr . T_POW expr  (100)

	T_OPEN_PAR  shift 65
	T_OPEN_SQR  shift 66
	T_CLOSE_SQR  shift 154
	T_DOT  shift 67
	T_PLUS  shift 68
	T_MINUS  shift 69
	T_MUL  shift 70
	T_DIV  shift 71
	T_POW  shift 72
	T_AND  shift 73
	T_OR  shift 74
	T_NOT  shift 75
	T_LT  shift 76
	T_LEQ  shift 77
	T_GT  shift 78
	T_GEQ  shift 79
	T_EQ  shift 80
	T_DIFF  shift 81
	T_EQQ  shift 82
	T_NEQQ  shift 83
	.  error


state 111
	left_member : expr T_DOT T_IDENTIFIER .  (42)

	.  reduce 42


state 112
	expr_aux : expr . T_OPEN_PAR tab_expr_list T_CLOSE_PAR  (39)
	left_member : expr . T_OPEN_SQR expr T_CLOSE_SQR  (41)
	left_member : expr . T_DOT T_IDENTIFIER  (42)
	binop : expr . T_PLUS expr  (85)
	binop : expr T_PLUS expr .  (85)
	binop : expr . T_MINUS expr  (86)
	binop : expr . T_MUL expr  (87)
	binop : expr . T_DIV expr  (88)
	binop : expr . T_LT expr  (89)
	binop : expr . T_LEQ expr  (90)
	binop : expr . T_GT expr  (91)
	binop : expr . T_GEQ expr  (92)
	binop : expr . T_EQ expr  (93)
	binop : expr . T_DIFF expr  (94)
	binop : expr . T_EQQ expr  (95)
	binop : expr . T_NEQQ expr  (96)
	binop : expr . T_AND expr  (97)
	binop : expr . T_OR expr  (98)
	binop : expr . T_NOT expr  (99)
	binop : expr . T_POW expr  (100)

	T_DOT  shift 67
	T_AND  shift 73
	T_OR  shift 74
	T_LT  shift 76
	T_LEQ  shift 77
	T_GT  shift 78
	T_GEQ  shift 79
	T_EQ  shift 80
	T_DIFF  shift 81
	T_EQQ  shift 82
	T_NEQQ  shift 83
	T_OPEN_PAR  reduce 85
	T_CLOSE_PAR  reduce 85
	T_CLOSE_BRA  reduce 85
	T_OPEN_SQR  reduce 85
	T_CLOSE_SQR  reduce 85
	T_COMMA  reduce 85
	T_SEMICOLON  reduce 85
	T_PLUS  reduce 85
	T_MINUS  reduce 85
	T_MUL  reduce 85
	T_DIV  reduce 85
	T_POW  reduce 85
	T_NOT  reduce 85


state 113
	expr_aux : expr . T_OPEN_PAR tab_expr_list T_CLOSE_PAR  (39)
	left_member : expr . T_OPEN_SQR expr T_CLOSE_SQR  (41)
	left_member : expr . T_DOT T_IDENTIFIER  (42)
	binop : expr . T_PLUS expr  (85)
	binop : expr . T_MINUS expr  (86)
	binop : expr T_MINUS expr .  (86)
	binop : expr . T_MUL expr  (87)
	binop : expr . T_DIV expr  (88)
	binop : expr . T_LT expr  (89)
	binop : expr . T_LEQ expr  (90)
	binop : expr . T_GT expr  (91)
	binop : expr . T_GEQ expr  (92)
	binop : expr . T_EQ expr  (93)
	binop : expr . T_DIFF expr  (94)
	binop : expr . T_EQQ expr  (95)
	binop : expr . T_NEQQ expr  (96)
	binop : expr . T_AND expr  (97)
	binop : expr . T_OR expr  (98)
	binop : expr . T_NOT expr  (99)
	binop : expr . T_POW expr  (100)

	T_DOT  shift 67
	T_AND  shift 73
	T_OR  shift 74
	T_LT  shift 76
	T_LEQ  shift 77
	T_GT  shift 78
	T_GEQ  shift 79
	T_EQ  shift 80
	T_DIFF  shift 81
	T_EQQ  shift 82
	T_NEQQ  shift 83
	T_OPEN_PAR  reduce 86
	T_CLOSE_PAR  reduce 86
	T_CLOSE_BRA  reduce 86
	T_OPEN_SQR  reduce 86
	T_CLOSE_SQR  reduce 86
	T_COMMA  reduce 86
	T_SEMICOLON  reduce 86
	T_PLUS  reduce 86
	T_MINUS  reduce 86
	T_MUL  reduce 86
	T_DIV  reduce 86
	T_POW  reduce 86
	T_NOT  reduce 86


state 114
	expr_aux : expr . T_OPEN_PAR tab_expr_list T_CLOSE_PAR  (39)
	left_member : expr . T_OPEN_SQR expr T_CLOSE_SQR  (41)
	left_member : expr . T_DOT T_IDENTIFIER  (42)
	binop : expr . T_PLUS expr  (85)
	binop : expr . T_MINUS expr  (86)
	binop : expr . T_MUL expr  (87)
	binop : expr T_MUL expr .  (87)
	binop : expr . T_DIV expr  (88)
	binop : expr . T_LT expr  (89)
	binop : expr . T_LEQ expr  (90)
	binop : expr . T_GT expr  (91)
	binop : expr . T_GEQ expr  (92)
	binop : expr . T_EQ expr  (93)
	binop : expr . T_DIFF expr  (94)
	binop : expr . T_EQQ expr  (95)
	binop : expr . T_NEQQ expr  (96)
	binop : expr . T_AND expr  (97)
	binop : expr . T_OR expr  (98)
	binop : expr . T_NOT expr  (99)
	binop : expr . T_POW expr  (100)

	T_DOT  shift 67
	T_PLUS  shift 68
	T_MINUS  shift 69
	T_AND  shift 73
	T_OR  shift 74
	T_LT  shift 76
	T_LEQ  shift 77
	T_GT  shift 78
	T_GEQ  shift 79
	T_EQ  shift 80
	T_DIFF  shift 81
	T_EQQ  shift 82
	T_NEQQ  shift 83
	T_OPEN_PAR  reduce 87
	T_CLOSE_PAR  reduce 87
	T_CLOSE_BRA  reduce 87
	T_OPEN_SQR  reduce 87
	T_CLOSE_SQR  reduce 87
	T_COMMA  reduce 87
	T_SEMICOLON  reduce 87
	T_MUL  reduce 87
	T_DIV  reduce 87
	T_POW  reduce 87
	T_NOT  reduce 87


state 115
	expr_aux : expr . T_OPEN_PAR tab_expr_list T_CLOSE_PAR  (39)
	left_member : expr . T_OPEN_SQR expr T_CLOSE_SQR  (41)
	left_member : expr . T_DOT T_IDENTIFIER  (42)
	binop : expr . T_PLUS expr  (85)
	binop : expr . T_MINUS expr  (86)
	binop : expr . T_MUL expr  (87)
	binop : expr . T_DIV expr  (88)
	binop : expr T_DIV expr .  (88)
	binop : expr . T_LT expr  (89)
	binop : expr . T_LEQ expr  (90)
	binop : expr . T_GT expr  (91)
	binop : expr . T_GEQ expr  (92)
	binop : expr . T_EQ expr  (93)
	binop : expr . T_DIFF expr  (94)
	binop : expr . T_EQQ expr  (95)
	binop : expr . T_NEQQ expr  (96)
	binop : expr . T_AND expr  (97)
	binop : expr . T_OR expr  (98)
	binop : expr . T_NOT expr  (99)
	binop : expr . T_POW expr  (100)

	T_DOT  shift 67
	T_PLUS  shift 68
	T_MINUS  shift 69
	T_AND  shift 73
	T_OR  shift 74
	T_LT  shift 76
	T_LEQ  shift 77
	T_GT  shift 78
	T_GEQ  shift 79
	T_EQ  shift 80
	T_DIFF  shift 81
	T_EQQ  shift 82
	T_NEQQ  shift 83
	T_OPEN_PAR  reduce 88
	T_CLOSE_PAR  reduce 88
	T_CLOSE_BRA  reduce 88
	T_OPEN_SQR  reduce 88
	T_CLOSE_SQR  reduce 88
	T_COMMA  reduce 88
	T_SEMICOLON  reduce 88
	T_MUL  reduce 88
	T_DIV  reduce 88
	T_POW  reduce 88
	T_NOT  reduce 88


state 116
	expr_aux : expr . T_OPEN_PAR tab_expr_list T_CLOSE_PAR  (39)
	left_member : expr . T_OPEN_SQR expr T_CLOSE_SQR  (41)
	left_member : expr . T_DOT T_IDENTIFIER  (42)
	binop : expr . T_PLUS expr  (85)
	binop : expr . T_MINUS expr  (86)
	binop : expr . T_MUL expr  (87)
	binop : expr . T_DIV expr  (88)
	binop : expr . T_LT expr  (89)
	binop : expr . T_LEQ expr  (90)
	binop : expr . T_GT expr  (91)
	binop : expr . T_GEQ expr  (92)
	binop : expr . T_EQ expr  (93)
	binop : expr . T_DIFF expr  (94)
	binop : expr . T_EQQ expr  (95)
	binop : expr . T_NEQQ expr  (96)
	binop : expr . T_AND expr  (97)
	binop : expr . T_OR expr  (98)
	binop : expr . T_NOT expr  (99)
	binop : expr . T_POW expr  (100)
	binop : expr T_POW expr .  (100)

	T_DOT  shift 67
	T_PLUS  shift 68
	T_MINUS  shift 69
	T_MUL  shift 70
	T_DIV  shift 71
	T_POW  shift 72
	T_AND  shift 73
	T_OR  shift 74
	T_LT  shift 76
	T_LEQ  shift 77
	T_GT  shift 78
	T_GEQ  shift 79
	T_EQ  shift 80
	T_DIFF  shift 81
	T_EQQ  shift 82
	T_NEQQ  shift 83
	T_OPEN_PAR  reduce 100
	T_CLOSE_PAR  reduce 100
	T_CLOSE_BRA  reduce 100
	T_OPEN_SQR  reduce 100
	T_CLOSE_SQR  reduce 100
	T_COMMA  reduce 100
	T_SEMICOLON  reduce 100
	T_NOT  reduce 100


state 117
	expr_aux : expr . T_OPEN_PAR tab_expr_list T_CLOSE_PAR  (39)
	left_member : expr . T_OPEN_SQR expr T_CLOSE_SQR  (41)
	left_member : expr . T_DOT T_IDENTIFIER  (42)
	binop : expr . T_PLUS expr  (85)
	binop : expr . T_MINUS expr  (86)
	binop : expr . T_MUL expr  (87)
	binop : expr . T_DIV expr  (88)
	binop : expr . T_LT expr  (89)
	binop : expr . T_LEQ expr  (90)
	binop : expr . T_GT expr  (91)
	binop : expr . T_GEQ expr  (92)
	binop : expr . T_EQ expr  (93)
	binop : expr . T_DIFF expr  (94)
	binop : expr . T_EQQ expr  (95)
	binop : expr . T_NEQQ expr  (96)
	binop : expr . T_AND expr  (97)
	binop : expr T_AND expr .  (97)
	binop : expr . T_OR expr  (98)
	binop : expr . T_NOT expr  (99)
	binop : expr . T_POW expr  (100)

	T_DOT  shift 67
	T_OR  shift 74
	T_OPEN_PAR  reduce 97
	T_CLOSE_PAR  reduce 97
	T_CLOSE_BRA  reduce 97
	T_OPEN_SQR  reduce 97
	T_CLOSE_SQR  reduce 97
	T_COMMA  reduce 97
	T_SEMICOLON  reduce 97
	T_PLUS  reduce 97
	T_MINUS  reduce 97
	T_MUL  reduce 97
	T_DIV  reduce 97
	T_POW  reduce 97
	T_AND  reduce 97
	T_NOT  reduce 97
	T_LT  reduce 97
	T_LEQ  reduce 97
	T_GT  reduce 97
	T_GEQ  reduce 97
	T_EQ  reduce 97
	T_DIFF  reduce 97
	T_EQQ  reduce 97
	T_NEQQ  reduce 97


state 118
	expr_aux : expr . T_OPEN_PAR tab_expr_list T_CLOSE_PAR  (39)
	left_member : expr . T_OPEN_SQR expr T_CLOSE_SQR  (41)
	left_member : expr . T_DOT T_IDENTIFIER  (42)
	binop : expr . T_PLUS expr  (85)
	binop : expr . T_MINUS expr  (86)
	binop : expr . T_MUL expr  (87)
	binop : expr . T_DIV expr  (88)
	binop : expr . T_LT expr  (89)
	binop : expr . T_LEQ expr  (90)
	binop : expr . T_GT expr  (91)
	binop : expr . T_GEQ expr  (92)
	binop : expr . T_EQ expr  (93)
	binop : expr . T_DIFF expr  (94)
	binop : expr . T_EQQ expr  (95)
	binop : expr . T_NEQQ expr  (96)
	binop : expr . T_AND expr  (97)
	binop : expr . T_OR expr  (98)
	binop : expr T_OR expr .  (98)
	binop : expr . T_NOT expr  (99)
	binop : expr . T_POW expr  (100)

	T_DOT  shift 67
	T_OPEN_PAR  reduce 98
	T_CLOSE_PAR  reduce 98
	T_CLOSE_BRA  reduce 98
	T_OPEN_SQR  reduce 98
	T_CLOSE_SQR  reduce 98
	T_COMMA  reduce 98
	T_SEMICOLON  reduce 98
	T_PLUS  reduce 98
	T_MINUS  reduce 98
	T_MUL  reduce 98
	T_DIV  reduce 98
	T_POW  reduce 98
	T_AND  reduce 98
	T_OR  reduce 98
	T_NOT  reduce 98
	T_LT  reduce 98
	T_LEQ  reduce 98
	T_GT  reduce 98
	T_GEQ  reduce 98
	T_EQ  reduce 98
	T_DIFF  reduce 98
	T_EQQ  reduce 98
	T_NEQQ  reduce 98


state 119
	expr_aux : expr . T_OPEN_PAR tab_expr_list T_CLOSE_PAR  (39)
	left_member : expr . T_OPEN_SQR expr T_CLOSE_SQR  (41)
	left_member : expr . T_DOT T_IDENTIFIER  (42)
	binop : expr . T_PLUS expr  (85)
	binop : expr . T_MINUS expr  (86)
	binop : expr . T_MUL expr  (87)
	binop : expr . T_DIV expr  (88)
	binop : expr . T_LT expr  (89)
	binop : expr . T_LEQ expr  (90)
	binop : expr . T_GT expr  (91)
	binop : expr . T_GEQ expr  (92)
	binop : expr . T_EQ expr  (93)
	binop : expr . T_DIFF expr  (94)
	binop : expr . T_EQQ expr  (95)
	binop : expr . T_NEQQ expr  (96)
	binop : expr . T_AND expr  (97)
	binop : expr . T_OR expr  (98)
	binop : expr . T_NOT expr  (99)
	binop : expr T_NOT expr .  (99)
	binop : expr . T_POW expr  (100)

	T_DOT  shift 67
	T_PLUS  shift 68
	T_MINUS  shift 69
	T_MUL  shift 70
	T_DIV  shift 71
	T_POW  shift 72
	T_AND  shift 73
	T_OR  shift 74
	T_NOT  shift 75
	T_LT  shift 76
	T_LEQ  shift 77
	T_GT  shift 78
	T_GEQ  shift 79
	T_EQ  shift 80
	T_DIFF  shift 81
	T_EQQ  shift 82
	T_NEQQ  shift 83
	T_OPEN_PAR  reduce 99
	T_CLOSE_PAR  reduce 99
	T_CLOSE_BRA  reduce 99
	T_OPEN_SQR  reduce 99
	T_CLOSE_SQR  reduce 99
	T_COMMA  reduce 99
	T_SEMICOLON  reduce 99


state 120
	expr_aux : expr . T_OPEN_PAR tab_expr_list T_CLOSE_PAR  (39)
	left_member : expr . T_OPEN_SQR expr T_CLOSE_SQR  (41)
	left_member : expr . T_DOT T_IDENTIFIER  (42)
	binop : expr . T_PLUS expr  (85)
	binop : expr . T_MINUS expr  (86)
	binop : expr . T_MUL expr  (87)
	binop : expr . T_DIV expr  (88)
	binop : expr . T_LT expr  (89)
	binop : expr T_LT expr .  (89)
	binop : expr . T_LEQ expr  (90)
	binop : expr . T_GT expr  (91)
	binop : expr . T_GEQ expr  (92)
	binop : expr . T_EQ expr  (93)
	binop : expr . T_DIFF expr  (94)
	binop : expr . T_EQQ expr  (95)
	binop : expr . T_NEQQ expr  (96)
	binop : expr . T_AND expr  (97)
	binop : expr . T_OR expr  (98)
	binop : expr . T_NOT expr  (99)
	binop : expr . T_POW expr  (100)

	T_DOT  shift 67
	T_AND  shift 73
	T_OR  shift 74
	T_EQ  shift 80
	T_DIFF  shift 81
	T_EQQ  shift 82
	T_NEQQ  shift 83
	T_OPEN_PAR  reduce 89
	T_CLOSE_PAR  reduce 89
	T_CLOSE_BRA  reduce 89
	T_OPEN_SQR  reduce 89
	T_CLOSE_SQR  reduce 89
	T_COMMA  reduce 89
	T_SEMICOLON  reduce 89
	T_PLUS  reduce 89
	T_MINUS  reduce 89
	T_MUL  reduce 89
	T_DIV  reduce 89
	T_POW  reduce 89
	T_NOT  reduce 89
	T_LT  reduce 89
	T_LEQ  reduce 89
	T_GT  reduce 89
	T_GEQ  reduce 89


state 121
	expr_aux : expr . T_OPEN_PAR tab_expr_list T_CLOSE_PAR  (39)
	left_member : expr . T_OPEN_SQR expr T_CLOSE_SQR  (41)
	left_member : expr . T_DOT T_IDENTIFIER  (42)
	binop : expr . T_PLUS expr  (85)
	binop : expr . T_MINUS expr  (86)
	binop : expr . T_MUL expr  (87)
	binop : expr . T_DIV expr  (88)
	binop : expr . T_LT expr  (89)
	binop : expr . T_LEQ expr  (90)
	binop : expr T_LEQ expr .  (90)
	binop : expr . T_GT expr  (91)
	binop : expr . T_GEQ expr  (92)
	binop : expr . T_EQ expr  (93)
	binop : expr . T_DIFF expr  (94)
	binop : expr . T_EQQ expr  (95)
	binop : expr . T_NEQQ expr  (96)
	binop : expr . T_AND expr  (97)
	binop : expr . T_OR expr  (98)
	binop : expr . T_NOT expr  (99)
	binop : expr . T_POW expr  (100)

	T_DOT  shift 67
	T_AND  shift 73
	T_OR  shift 74
	T_EQ  shift 80
	T_DIFF  shift 81
	T_EQQ  shift 82
	T_NEQQ  shift 83
	T_OPEN_PAR  reduce 90
	T_CLOSE_PAR  reduce 90
	T_CLOSE_BRA  reduce 90
	T_OPEN_SQR  reduce 90
	T_CLOSE_SQR  reduce 90
	T_COMMA  reduce 90
	T_SEMICOLON  reduce 90
	T_PLUS  reduce 90
	T_MINUS  reduce 90
	T_MUL  reduce 90
	T_DIV  reduce 90
	T_POW  reduce 90
	T_NOT  reduce 90
	T_LT  reduce 90
	T_LEQ  reduce 90
	T_GT  reduce 90
	T_GEQ  reduce 90


state 122
	expr_aux : expr . T_OPEN_PAR tab_expr_list T_CLOSE_PAR  (39)
	left_member : expr . T_OPEN_SQR expr T_CLOSE_SQR  (41)
	left_member : expr . T_DOT T_IDENTIFIER  (42)
	binop : expr . T_PLUS expr  (85)
	binop : expr . T_MINUS expr  (86)
	binop : expr . T_MUL expr  (87)
	binop : expr . T_DIV expr  (88)
	binop : expr . T_LT expr  (89)
	binop : expr . T_LEQ expr  (90)
	binop : expr . T_GT expr  (91)
	binop : expr T_GT expr .  (91)
	binop : expr . T_GEQ expr  (92)
	binop : expr . T_EQ expr  (93)
	binop : expr . T_DIFF expr  (94)
	binop : expr . T_EQQ expr  (95)
	binop : expr . T_NEQQ expr  (96)
	binop : expr . T_AND expr  (97)
	binop : expr . T_OR expr  (98)
	binop : expr . T_NOT expr  (99)
	binop : expr . T_POW expr  (100)

	T_DOT  shift 67
	T_AND  shift 73
	T_OR  shift 74
	T_EQ  shift 80
	T_DIFF  shift 81
	T_EQQ  shift 82
	T_NEQQ  shift 83
	T_OPEN_PAR  reduce 91
	T_CLOSE_PAR  reduce 91
	T_CLOSE_BRA  reduce 91
	T_OPEN_SQR  reduce 91
	T_CLOSE_SQR  reduce 91
	T_COMMA  reduce 91
	T_SEMICOLON  reduce 91
	T_PLUS  reduce 91
	T_MINUS  reduce 91
	T_MUL  reduce 91
	T_DIV  reduce 91
	T_POW  reduce 91
	T_NOT  reduce 91
	T_LT  reduce 91
	T_LEQ  reduce 91
	T_GT  reduce 91
	T_GEQ  reduce 91


state 123
	expr_aux : expr . T_OPEN_PAR tab_expr_list T_CLOSE_PAR  (39)
	left_member : expr . T_OPEN_SQR expr T_CLOSE_SQR  (41)
	left_member : expr . T_DOT T_IDENTIFIER  (42)
	binop : expr . T_PLUS expr  (85)
	binop : expr . T_MINUS expr  (86)
	binop : expr . T_MUL expr  (87)
	binop : expr . T_DIV expr  (88)
	binop : expr . T_LT expr  (89)
	binop : expr . T_LEQ expr  (90)
	binop : expr . T_GT expr  (91)
	binop : expr . T_GEQ expr  (92)
	binop : expr T_GEQ expr .  (92)
	binop : expr . T_EQ expr  (93)
	binop : expr . T_DIFF expr  (94)
	binop : expr . T_EQQ expr  (95)
	binop : expr . T_NEQQ expr  (96)
	binop : expr . T_AND expr  (97)
	binop : expr . T_OR expr  (98)
	binop : expr . T_NOT expr  (99)
	binop : expr . T_POW expr  (100)

	T_DOT  shift 67
	T_AND  shift 73
	T_OR  shift 74
	T_EQ  shift 80
	T_DIFF  shift 81
	T_EQQ  shift 82
	T_NEQQ  shift 83
	T_OPEN_PAR  reduce 92
	T_CLOSE_PAR  reduce 92
	T_CLOSE_BRA  reduce 92
	T_OPEN_SQR  reduce 92
	T_CLOSE_SQR  reduce 92
	T_COMMA  reduce 92
	T_SEMICOLON  reduce 92
	T_PLUS  reduce 92
	T_MINUS  reduce 92
	T_MUL  reduce 92
	T_DIV  reduce 92
	T_POW  reduce 92
	T_NOT  reduce 92
	T_LT  reduce 92
	T_LEQ  reduce 92
	T_GT  reduce 92
	T_GEQ  reduce 92


state 124
	expr_aux : expr . T_OPEN_PAR tab_expr_list T_CLOSE_PAR  (39)
	left_member : expr . T_OPEN_SQR expr T_CLOSE_SQR  (41)
	left_member : expr . T_DOT T_IDENTIFIER  (42)
	binop : expr . T_PLUS expr  (85)
	binop : expr . T_MINUS expr  (86)
	binop : expr . T_MUL expr  (87)
	binop : expr . T_DIV expr  (88)
	binop : expr . T_LT expr  (89)
	binop : expr . T_LEQ expr  (90)
	binop : expr . T_GT expr  (91)
	binop : expr . T_GEQ expr  (92)
	binop : expr . T_EQ expr  (93)
	binop : expr T_EQ expr .  (93)
	binop : expr . T_DIFF expr  (94)
	binop : expr . T_EQQ expr  (95)
	binop : expr . T_NEQQ expr  (96)
	binop : expr . T_AND expr  (97)
	binop : expr . T_OR expr  (98)
	binop : expr . T_NOT expr  (99)
	binop : expr . T_POW expr  (100)

	T_DOT  shift 67
	T_AND  shift 73
	T_OR  shift 74
	T_OPEN_PAR  reduce 93
	T_CLOSE_PAR  reduce 93
	T_CLOSE_BRA  reduce 93
	T_OPEN_SQR  reduce 93
	T_CLOSE_SQR  reduce 93
	T_COMMA  reduce 93
	T_SEMICOLON  reduce 93
	T_PLUS  reduce 93
	T_MINUS  reduce 93
	T_MUL  reduce 93
	T_DIV  reduce 93
	T_POW  reduce 93
	T_NOT  reduce 93
	T_LT  reduce 93
	T_LEQ  reduce 93
	T_GT  reduce 93
	T_GEQ  reduce 93
	T_EQ  reduce 93
	T_DIFF  reduce 93
	T_EQQ  reduce 93
	T_NEQQ  reduce 93


state 125
	expr_aux : expr . T_OPEN_PAR tab_expr_list T_CLOSE_PAR  (39)
	left_member : expr . T_OPEN_SQR expr T_CLOSE_SQR  (41)
	left_member : expr . T_DOT T_IDENTIFIER  (42)
	binop : expr . T_PLUS expr  (85)
	binop : expr . T_MINUS expr  (86)
	binop : expr . T_MUL expr  (87)
	binop : expr . T_DIV expr  (88)
	binop : expr . T_LT expr  (89)
	binop : expr . T_LEQ expr  (90)
	binop : expr . T_GT expr  (91)
	binop : expr . T_GEQ expr  (92)
	binop : expr . T_EQ expr  (93)
	binop : expr . T_DIFF expr  (94)
	binop : expr T_DIFF expr .  (94)
	binop : expr . T_EQQ expr  (95)
	binop : expr . T_NEQQ expr  (96)
	binop : expr . T_AND expr  (97)
	binop : expr . T_OR expr  (98)
	binop : expr . T_NOT expr  (99)
	binop : expr . T_POW expr  (100)

	T_DOT  shift 67
	T_AND  shift 73
	T_OR  shift 74
	T_OPEN_PAR  reduce 94
	T_CLOSE_PAR  reduce 94
	T_CLOSE_BRA  reduce 94
	T_OPEN_SQR  reduce 94
	T_CLOSE_SQR  reduce 94
	T_COMMA  reduce 94
	T_SEMICOLON  reduce 94
	T_PLUS  reduce 94
	T_MINUS  reduce 94
	T_MUL  reduce 94
	T_DIV  reduce 94
	T_POW  reduce 94
	T_NOT  reduce 94
	T_LT  reduce 94
	T_LEQ  reduce 94
	T_GT  reduce 94
	T_GEQ  reduce 94
	T_EQ  reduce 94
	T_DIFF  reduce 94
	T_EQQ  reduce 94
	T_NEQQ  reduce 94


state 126
	expr_aux : expr . T_OPEN_PAR tab_expr_list T_CLOSE_PAR  (39)
	left_member : expr . T_OPEN_SQR expr T_CLOSE_SQR  (41)
	left_member : expr . T_DOT T_IDENTIFIER  (42)
	binop : expr . T_PLUS expr  (85)
	binop : expr . T_MINUS expr  (86)
	binop : expr . T_MUL expr  (87)
	binop : expr . T_DIV expr  (88)
	binop : expr . T_LT expr  (89)
	binop : expr . T_LEQ expr  (90)
	binop : expr . T_GT expr  (91)
	binop : expr . T_GEQ expr  (92)
	binop : expr . T_EQ expr  (93)
	binop : expr . T_DIFF expr  (94)
	binop : expr . T_EQQ expr  (95)
	binop : expr T_EQQ expr .  (95)
	binop : expr . T_NEQQ expr  (96)
	binop : expr . T_AND expr  (97)
	binop : expr . T_OR expr  (98)
	binop : expr . T_NOT expr  (99)
	binop : expr . T_POW expr  (100)

	T_DOT  shift 67
	T_AND  shift 73
	T_OR  shift 74
	T_OPEN_PAR  reduce 95
	T_CLOSE_PAR  reduce 95
	T_CLOSE_BRA  reduce 95
	T_OPEN_SQR  reduce 95
	T_CLOSE_SQR  reduce 95
	T_COMMA  reduce 95
	T_SEMICOLON  reduce 95
	T_PLUS  reduce 95
	T_MINUS  reduce 95
	T_MUL  reduce 95
	T_DIV  reduce 95
	T_POW  reduce 95
	T_NOT  reduce 95
	T_LT  reduce 95
	T_LEQ  reduce 95
	T_GT  reduce 95
	T_GEQ  reduce 95
	T_EQ  reduce 95
	T_DIFF  reduce 95
	T_EQQ  reduce 95
	T_NEQQ  reduce 95


state 127
	expr_aux : expr . T_OPEN_PAR tab_expr_list T_CLOSE_PAR  (39)
	left_member : expr . T_OPEN_SQR expr T_CLOSE_SQR  (41)
	left_member : expr . T_DOT T_IDENTIFIER  (42)
	binop : expr . T_PLUS expr  (85)
	binop : expr . T_MINUS expr  (86)
	binop : expr . T_MUL expr  (87)
	binop : expr . T_DIV expr  (88)
	binop : expr . T_LT expr  (89)
	binop : expr . T_LEQ expr  (90)
	binop : expr . T_GT expr  (91)
	binop : expr . T_GEQ expr  (92)
	binop : expr . T_EQ expr  (93)
	binop : expr . T_DIFF expr  (94)
	binop : expr . T_EQQ expr  (95)
	binop : expr . T_NEQQ expr  (96)
	binop : expr T_NEQQ expr .  (96)
	binop : expr . T_AND expr  (97)
	binop : expr . T_OR expr  (98)
	binop : expr . T_NOT expr  (99)
	binop : expr . T_POW expr  (100)

	T_DOT  shift 67
	T_AND  shift 73
	T_OR  shift 74
	T_OPEN_PAR  reduce 96
	T_CLOSE_PAR  reduce 96
	T_CLOSE_BRA  reduce 96
	T_OPEN_SQR  reduce 96
	T_CLOSE_SQR  reduce 96
	T_COMMA  reduce 96
	T_SEMICOLON  reduce 96
	T_PLUS  reduce 96
	T_MINUS  reduce 96
	T_MUL  reduce 96
	T_DIV  reduce 96
	T_POW  reduce 96
	T_NOT  reduce 96
	T_LT  reduce 96
	T_LEQ  reduce 96
	T_GT  reduce 96
	T_GEQ  reduce 96
	T_EQ  reduce 96
	T_DIFF  reduce 96
	T_EQQ  reduce 96
	T_NEQQ  reduce 96


state 128
	expr_aux : left_member T_ASSIGN expr .  (38)
	expr_aux : expr . T_OPEN_PAR tab_expr_list T_CLOSE_PAR  (39)
	left_member : expr . T_OPEN_SQR expr T_CLOSE_SQR  (41)
	left_member : expr . T_DOT T_IDENTIFIER  (42)
	binop : expr . T_PLUS expr  (85)
	binop : expr . T_MINUS expr  (86)
	binop : expr . T_MUL expr  (87)
	binop : expr . T_DIV expr  (88)
	binop : expr . T_LT expr  (89)
	binop : expr . T_LEQ expr  (90)
	binop : expr . T_GT expr  (91)
	binop : expr . T_GEQ expr  (92)
	binop : expr . T_EQ expr  (93)
	binop : expr . T_DIFF expr  (94)
	binop : expr . T_EQQ expr  (95)
	binop : expr . T_NEQQ expr  (96)
	binop : expr . T_AND expr  (97)
	binop : expr . T_OR expr  (98)
	binop : expr . T_NOT expr  (99)
	binop : expr . T_POW expr  (100)

	T_DOT  shift 67
	T_OPEN_PAR  reduce 38
	T_CLOSE_PAR  reduce 38
	T_CLOSE_BRA  reduce 38
	T_OPEN_SQR  reduce 38
	T_CLOSE_SQR  reduce 38
	T_COMMA  reduce 38
	T_SEMICOLON  reduce 38
	T_PLUS  reduce 38
	T_MINUS  reduce 38
	T_MUL  reduce 38
	T_DIV  reduce 38
	T_POW  reduce 38
	T_AND  reduce 38
	T_OR  reduce 38
	T_NOT  reduce 38
	T_LT  reduce 38
	T_LEQ  reduce 38
	T_GT  reduce 38
	T_GEQ  reduce 38
	T_EQ  reduce 38
	T_DIFF  reduce 38
	T_EQQ  reduce 38
	T_NEQQ  reduce 38


state 129
	basic_type : T_INT_LIT .  (68)

	.  reduce 68


state 130
	basic_type : T_FLOAT_LIT .  (69)

	.  reduce 69


state 131
	basic_type : T_STR_LIT .  (71)

	.  reduce 71


state 132
	basic_type : T_IDENTIFIER .  (61)

	.  reduce 61


state 133
	basic_type : T_BOOL_LIT .  (70)

	.  reduce 70


state 134
	basic_type : T_NUMBER .  (62)

	.  reduce 62


state 135
	basic_type : T_STRING .  (64)

	.  reduce 64


state 136
	basic_type : T_BOOLEAN .  (63)

	.  reduce 63


state 137
	basic_type : T_ANY .  (65)

	.  reduce 65


state 138
	basic_type : T_OPEN_PAR . type_ T_CLOSE_PAR  (67)

	T_INT_LIT  shift 129
	T_FLOAT_LIT  shift 130
	T_STR_LIT  shift 131
	T_IDENTIFIER  shift 132
	T_BOOL_LIT  shift 133
	T_NUMBER  shift 134
	T_STRING  shift 135
	T_BOOLEAN  shift 136
	T_ANY  shift 137
	T_OPEN_PAR  shift 138
	T_OPEN_BRA  shift 139
	.  error

	type_  goto 155
	basic_type  goto 141
	union_type  goto 142


state 139
	basic_type : T_OPEN_BRA . object_member_list T_CLOSE_BRA  (66)

	T_IDENTIFIER  shift 156
	.  error

	object_member  goto 157
	object_member_list  goto 158


state 140
	decl : T_TYPE T_IDENTIFIER T_ASSIGN type_ .  (16)
	type_ : type_ . T_OPEN_SQR T_CLOSE_SQR  (60)

	.  reduce 16


state 141
	union_type : basic_type . T_BAR basic_type  (57)
	type_ : basic_type .  (58)

	T_BAR  shift 160
	T_INT_LIT  reduce 58
	T_FLOAT_LIT  reduce 58
	T_STR_LIT  reduce 58
	T_IDENTIFIER  reduce 58
	T_BOOL_LIT  reduce 58
	T_TYPE  reduce 58
	T_IF  reduce 58
	T_WHILE  reduce 58
	T_RETURN  reduce 58
	T_LET  reduce 58
	T_VAR  reduce 58
	T_FUNCTION  reduce 58
	T_TYPEOF  reduce 58
	T_CONST  reduce 58
	T_OPEN_PAR  reduce 58
	T_CLOSE_PAR  reduce 58
	T_OPEN_BRA  reduce 58
	T_CLOSE_BRA  reduce 58
	T_OPEN_SQR  reduce 58
	T_COMMA  reduce 58
	T_SEMICOLON  reduce 58
	T_PLUS  reduce 58
	T_MINUS  reduce 58
	T_NOT  reduce 58
	T_ASSIGN  reduce 58
	EOF  reduce 58


state 142
	union_type : union_type . T_BAR basic_type  (56)
	type_ : union_type .  (59)

	T_BAR  shift 161
	T_INT_LIT  reduce 59
	T_FLOAT_LIT  reduce 59
	T_STR_LIT  reduce 59
	T_IDENTIFIER  reduce 59
	T_BOOL_LIT  reduce 59
	T_TYPE  reduce 59
	T_IF  reduce 59
	T_WHILE  reduce 59
	T_RETURN  reduce 59
	T_LET  reduce 59
	T_VAR  reduce 59
	T_FUNCTION  reduce 59
	T_TYPEOF  reduce 59
	T_CONST  reduce 59
	T_OPEN_PAR  reduce 59
	T_CLOSE_PAR  reduce 59
	T_OPEN_BRA  reduce 59
	T_CLOSE_BRA  reduce 59
	T_OPEN_SQR  reduce 59
	T_COMMA  reduce 59
	T_SEMICOLON  reduce 59
	T_PLUS  reduce 59
	T_MINUS  reduce 59
	T_NOT  reduce 59
	T_ASSIGN  reduce 59
	EOF  reduce 59


state 143
	instr : T_IF T_OPEN_PAR expr T_CLOSE_PAR . instr T_ELSE instr  (13)
	instr : T_IF T_OPEN_PAR expr T_CLOSE_PAR . instr  (14)

	T_INT_LIT  shift 3
	T_FLOAT_LIT  shift 4
	T_STR_LIT  shift 5
	T_IDENTIFIER  shift 6
	T_BOOL_LIT  shift 7
	T_IF  shift 9
	T_WHILE  shift 10
	T_RETURN  shift 11
	T_VAR  shift 13
	T_TYPEOF  shift 15
	T_OPEN_PAR  shift 17
	T_OPEN_BRA  shift 51
	T_OPEN_SQR  shift 19
	T_SEMICOLON  shift 20
	T_PLUS  shift 21
	T_MINUS  shift 22
	T_NOT  shift 23
	.  error

	instr  goto 162
	compound  goto 27
	expr  goto 29
	left_member  goto 30
	object_expr  goto 31
	expr_aux  goto 32
	unop  goto 33
	binop  goto 34


state 144
	instr : T_WHILE T_OPEN_PAR expr T_CLOSE_PAR . instr  (9)

	T_INT_LIT  shift 3
	T_FLOAT_LIT  shift 4
	T_STR_LIT  shift 5
	T_IDENTIFIER  shift 6
	T_BOOL_LIT  shift 7
	T_IF  shift 9
	T_WHILE  shift 10
	T_RETURN  shift 11
	T_VAR  shift 13
	T_TYPEOF  shift 15
	T_OPEN_PAR  shift 17
	T_OPEN_BRA  shift 51
	T_OPEN_SQR  shift 19
	T_SEMICOLON  shift 20
	T_PLUS  shift 21
	T_MINUS  shift 22
	T_NOT  shift 23
	.  error

	instr  goto 163
	compound  goto 27
	expr  goto 29
	left_member  goto 30
	object_expr  goto 31
	expr_aux  goto 32
	unop  goto 33
	binop  goto 34


state 145
	type_ : type_ . T_OPEN_SQR T_CLOSE_SQR  (60)
	type_opt : T_COLON type_ .  (72)

	T_OPEN_SQR  shift 159
	T_CLOSE_PAR  reduce 72
	T_OPEN_BRA  reduce 72
	T_COMMA  reduce 72
	T_SEMICOLON  reduce 72
	T_ASSIGN  reduce 72


state 146
	binding : T_IDENTIFIER type_opt T_ASSIGN . expr  (50)

	T_INT_LIT  shift 3
	T_FLOAT_LIT  shift 4
	T_STR_LIT  shift 5
	T_IDENTIFIER  shift 6
	T_BOOL_LIT  shift 7
	T_TYPEOF  shift 15
	T_OPEN_PAR  shift 17
	T_OPEN_BRA  shift 38
	T_OPEN_SQR  shift 19
	T_PLUS  shift 21
	T_MINUS  shift 22
	T_NOT  shift 23
	.  error

	expr  goto 164
	left_member  goto 30
	object_expr  goto 31
	expr_aux  goto 41
	unop  goto 33
	binop  goto 34


state 147
	binding_list : binding T_COMMA binding_list .  (53)

	.  reduce 53


state 148
	binding_list_empty : binding_list .  (54)

	.  reduce 54


state 149
	decl : T_FUNCTION T_IDENTIFIER T_OPEN_PAR binding_list_empty . T_CLOSE_PAR type_opt T_OPEN_BRA instr_list_empty T_CLOSE_BRA  (15)

	T_CLOSE_PAR  shift 165
	.  error


state 150
	object_expr_member : T_IDENTIFIER T_COLON expr .  (22)
	expr_aux : expr . T_OPEN_PAR tab_expr_list T_CLOSE_PAR  (39)
	left_member : expr . T_OPEN_SQR expr T_CLOSE_SQR  (41)
	left_member : expr . T_DOT T_IDENTIFIER  (42)
	binop : expr . T_PLUS expr  (85)
	binop : expr . T_MINUS expr  (86)
	binop : expr . T_MUL expr  (87)
	binop : expr . T_DIV expr  (88)
	binop : expr . T_LT expr  (89)
	binop : expr . T_LEQ expr  (90)
	binop : expr . T_GT expr  (91)
	binop : expr . T_GEQ expr  (92)
	binop : expr . T_EQ expr  (93)
	binop : expr . T_DIFF expr  (94)
	binop : expr . T_EQQ expr  (95)
	binop : expr . T_NEQQ expr  (96)
	binop : expr . T_AND expr  (97)
	binop : expr . T_OR expr  (98)
	binop : expr . T_NOT expr  (99)
	binop : expr . T_POW expr  (100)

	T_OPEN_PAR  shift 65
	T_OPEN_SQR  shift 66
	T_DOT  shift 67
	T_PLUS  shift 68
	T_MINUS  shift 69
	T_MUL  shift 70
	T_DIV  shift 71
	T_POW  shift 72
	T_AND  shift 73
	T_OR  shift 74
	T_NOT  shift 75
	T_LT  shift 76
	T_LEQ  shift 77
	T_GT  shift 78
	T_GEQ  shift 79
	T_EQ  shift 80
	T_DIFF  shift 81
	T_EQQ  shift 82
	T_NEQQ  shift 83
	T_CLOSE_BRA  reduce 22
	T_COMMA  reduce 22


state 151
	object_expr_member_list : object_expr_member T_COMMA object_expr_member_list .  (23)

	.  reduce 23


state 152
	tab_expr_list : expr T_COMMA tab_expr_list .  (19)

	.  reduce 19


state 153
	expr_aux : expr T_OPEN_PAR tab_expr_list T_CLOSE_PAR .  (39)

	.  reduce 39


state 154
	left_member : expr T_OPEN_SQR expr T_CLOSE_SQR .  (41)

	.  reduce 41


state 155
	type_ : type_ . T_OPEN_SQR T_CLOSE_SQR  (60)
	basic_type : T_OPEN_PAR type_ . T_CLOSE_PAR  (67)

	T_CLOSE_PAR  shift 166
	T_OPEN_SQR  shift 159
	.  error


state 156
	object_member : T_IDENTIFIER . T_COLON type_  (74)
	object_member : T_IDENTIFIER .  (75)

	T_COLON  shift 167
	T_CLOSE_BRA  reduce 75
	T_COMMA  reduce 75
	T_SEMICOLON  reduce 75


state 157
	object_member_list : object_member . T_COMMA object_member_list  (76)
	object_member_list : object_member . T_SEMICOLON object_member_list  (77)
	object_member_list : object_member . T_COMMA  (78)
	object_member_list : object_member . T_SEMICOLON  (79)
	object_member_list : object_member .  (80)

	T_COMMA  shift 168
	T_SEMICOLON  shift 169
	T_CLOSE_BRA  reduce 80


state 158
	basic_type : T_OPEN_BRA object_member_list . T_CLOSE_BRA  (66)

	T_CLOSE_BRA  shift 170
	.  error


state 159
	type_ : type_ T_OPEN_SQR . T_CLOSE_SQR  (60)

	T_CLOSE_SQR  shift 171
	.  error


state 160
	union_type : basic_type T_BAR . basic_type  (57)

	T_INT_LIT  shift 129
	T_FLOAT_LIT  shift 130
	T_STR_LIT  shift 131
	T_IDENTIFIER  shift 132
	T_BOOL_LIT  shift 133
	T_NUMBER  shift 134
	T_STRING  shift 135
	T_BOOLEAN  shift 136
	T_ANY  shift 137
	T_OPEN_PAR  shift 138
	T_OPEN_BRA  shift 139
	.  error

	basic_type  goto 172


state 161
	union_type : union_type T_BAR . basic_type  (56)

	T_INT_LIT  shift 129
	T_FLOAT_LIT  shift 130
	T_STR_LIT  shift 131
	T_IDENTIFIER  shift 132
	T_BOOL_LIT  shift 133
	T_NUMBER  shift 134
	T_STRING  shift 135
	T_BOOLEAN  shift 136
	T_ANY  shift 137
	T_OPEN_PAR  shift 138
	T_OPEN_BRA  shift 139
	.  error

	basic_type  goto 173


state 162
	instr : T_IF T_OPEN_PAR expr T_CLOSE_PAR instr . T_ELSE instr  (13)
	instr : T_IF T_OPEN_PAR expr T_CLOSE_PAR instr .  (14)

	T_ELSE  shift 174
	T_INT_LIT  reduce 14
	T_FLOAT_LIT  reduce 14
	T_STR_LIT  reduce 14
	T_IDENTIFIER  reduce 14
	T_BOOL_LIT  reduce 14
	T_TYPE  reduce 14
	T_IF  reduce 14
	T_WHILE  reduce 14
	T_RETURN  reduce 14
	T_LET  reduce 14
	T_VAR  reduce 14
	T_FUNCTION  reduce 14
	T_TYPEOF  reduce 14
	T_CONST  reduce 14
	T_OPEN_PAR  reduce 14
	T_OPEN_BRA  reduce 14
	T_CLOSE_BRA  reduce 14
	T_OPEN_SQR  reduce 14
	T_SEMICOLON  reduce 14
	T_PLUS  reduce 14
	T_MINUS  reduce 14
	T_NOT  reduce 14
	EOF  reduce 14


state 163
	instr : T_WHILE T_OPEN_PAR expr T_CLOSE_PAR instr .  (9)

	.  reduce 9


state 164
	expr_aux : expr . T_OPEN_PAR tab_expr_list T_CLOSE_PAR  (39)
	left_member : expr . T_OPEN_SQR expr T_CLOSE_SQR  (41)
	left_member : expr . T_DOT T_IDENTIFIER  (42)
	binding : T_IDENTIFIER type_opt T_ASSIGN expr .  (50)
	binop : expr . T_PLUS expr  (85)
	binop : expr . T_MINUS expr  (86)
	binop : expr . T_MUL expr  (87)
	binop : expr . T_DIV expr  (88)
	binop : expr . T_LT expr  (89)
	binop : expr . T_LEQ expr  (90)
	binop : expr . T_GT expr  (91)
	binop : expr . T_GEQ expr  (92)
	binop : expr . T_EQ expr  (93)
	binop : expr . T_DIFF expr  (94)
	binop : expr . T_EQQ expr  (95)
	binop : expr . T_NEQQ expr  (96)
	binop : expr . T_AND expr  (97)
	binop : expr . T_OR expr  (98)
	binop : expr . T_NOT expr  (99)
	binop : expr . T_POW expr  (100)

	T_OPEN_PAR  shift 65
	T_OPEN_SQR  shift 66
	T_DOT  shift 67
	T_PLUS  shift 68
	T_MINUS  shift 69
	T_MUL  shift 70
	T_DIV  shift 71
	T_POW  shift 72
	T_AND  shift 73
	T_OR  shift 74
	T_NOT  shift 75
	T_LT  shift 76
	T_LEQ  shift 77
	T_GT  shift 78
	T_GEQ  shift 79
	T_EQ  shift 80
	T_DIFF  shift 81
	T_EQQ  shift 82
	T_NEQQ  shift 83
	T_CLOSE_PAR  reduce 50
	T_COMMA  reduce 50
	T_SEMICOLON  reduce 50


state 165
	decl : T_FUNCTION T_IDENTIFIER T_OPEN_PAR binding_list_empty T_CLOSE_PAR . type_opt T_OPEN_BRA instr_list_empty T_CLOSE_BRA  (15)
	type_opt : .  (73)

	T_COLON  shift 92
	T_OPEN_BRA  reduce 73

	type_opt  goto 175


state 166
	basic_type : T_OPEN_PAR type_ T_CLOSE_PAR .  (67)

	.  reduce 67


state 167
	object_member : T_IDENTIFIER T_COLON . type_  (74)

	T_INT_LIT  shift 129
	T_FLOAT_LIT  shift 130
	T_STR_LIT  shift 131
	T_IDENTIFIER  shift 132
	T_BOOL_LIT  shift 133
	T_NUMBER  shift 134
	T_STRING  shift 135
	T_BOOLEAN  shift 136
	T_ANY  shift 137
	T_OPEN_PAR  shift 138
	T_OPEN_BRA  shift 139
	.  error

	type_  goto 176
	basic_type  goto 141
	union_type  goto 142


state 168
	object_member_list : object_member T_COMMA . object_member_list  (76)
	object_member_list : object_member T_COMMA .  (78)

	T_IDENTIFIER  shift 156
	T_CLOSE_BRA  reduce 78

	object_member  goto 157
	object_member_list  goto 177


state 169
	object_member_list : object_member T_SEMICOLON . object_member_list  (77)
	object_member_list : object_member T_SEMICOLON .  (79)

	T_IDENTIFIER  shift 156
	T_CLOSE_BRA  reduce 79

	object_member  goto 157
	object_member_list  goto 178


state 170
	basic_type : T_OPEN_BRA object_member_list T_CLOSE_BRA .  (66)

	.  reduce 66


state 171
	type_ : type_ T_OPEN_SQR T_CLOSE_SQR .  (60)

	.  reduce 60


state 172
	union_type : basic_type T_BAR basic_type .  (57)

	.  reduce 57


state 173
	union_type : union_type T_BAR basic_type .  (56)

	.  reduce 56


state 174
	instr : T_IF T_OPEN_PAR expr T_CLOSE_PAR instr T_ELSE . instr  (13)

	T_INT_LIT  shift 3
	T_FLOAT_LIT  shift 4
	T_STR_LIT  shift 5
	T_IDENTIFIER  shift 6
	T_BOOL_LIT  shift 7
	T_IF  shift 9
	T_WHILE  shift 10
	T_RETURN  shift 11
	T_VAR  shift 13
	T_TYPEOF  shift 15
	T_OPEN_PAR  shift 17
	T_OPEN_BRA  shift 51
	T_OPEN_SQR  shift 19
	T_SEMICOLON  shift 20
	T_PLUS  shift 21
	T_MINUS  shift 22
	T_NOT  shift 23
	.  error

	instr  goto 179
	compound  goto 27
	expr  goto 29
	left_member  goto 30
	object_expr  goto 31
	expr_aux  goto 32
	unop  goto 33
	binop  goto 34


state 175
	decl : T_FUNCTION T_IDENTIFIER T_OPEN_PAR binding_list_empty T_CLOSE_PAR type_opt . T_OPEN_BRA instr_list_empty T_CLOSE_BRA  (15)

	T_OPEN_BRA  shift 180
	.  error


state 176
	type_ : type_ . T_OPEN_SQR T_CLOSE_SQR  (60)
	object_member : T_IDENTIFIER T_COLON type_ .  (74)

	T_OPEN_SQR  shift 159
	T_CLOSE_BRA  reduce 74
	T_COMMA  reduce 74
	T_SEMICOLON  reduce 74


state 177
	object_member_list : object_member T_COMMA object_member_list .  (76)

	.  reduce 76


state 178
	object_member_list : object_member T_SEMICOLON object_member_list .  (77)

	.  reduce 77


state 179
	instr : T_IF T_OPEN_PAR expr T_CLOSE_PAR instr T_ELSE instr .  (13)

	.  reduce 13


state 180
	decl : T_FUNCTION T_IDENTIFIER T_OPEN_PAR binding_list_empty T_CLOSE_PAR type_opt T_OPEN_BRA . instr_list_empty T_CLOSE_BRA  (15)
	instr_list_empty : .  (49)

	T_INT_LIT  shift 3
	T_FLOAT_LIT  shift 4
	T_STR_LIT  shift 5
	T_IDENTIFIER  shift 6
	T_BOOL_LIT  shift 7
	T_TYPE  shift 8
	T_IF  shift 9
	T_WHILE  shift 10
	T_RETURN  shift 11
	T_LET  shift 12
	T_VAR  shift 13
	T_FUNCTION  shift 14
	T_TYPEOF  shift 15
	T_CONST  shift 16
	T_OPEN_PAR  shift 17
	T_OPEN_BRA  shift 51
	T_OPEN_SQR  shift 19
	T_SEMICOLON  shift 20
	T_PLUS  shift 21
	T_MINUS  shift 22
	T_NOT  shift 23
	T_CLOSE_BRA  reduce 49

	instr  goto 53
	compound  goto 27
	decl  goto 54
	expr  goto 29
	left_member  goto 30
	object_expr  goto 31
	instr_list  goto 181
	expr_aux  goto 32
	instr_list_empty  goto 182
	unop  goto 33
	binop  goto 34


state 181
	instr_list_empty : instr_list .  (48)

	.  reduce 48


state 182
	decl : T_FUNCTION T_IDENTIFIER T_OPEN_PAR binding_list_empty T_CLOSE_PAR type_opt T_OPEN_BRA instr_list_empty . T_CLOSE_BRA  (15)

	T_CLOSE_BRA  shift 183
	.  error


state 183
	decl : T_FUNCTION T_IDENTIFIER T_OPEN_PAR binding_list_empty T_CLOSE_PAR type_opt T_OPEN_BRA instr_list_empty T_CLOSE_BRA .  (15)

	.  reduce 15


53 terminals, 26 nonterminals
102 grammar rules, 184 states
